The system is: Linux - 5.15.18 - x86_64
Compiling the C compiler identification source file "CMakeCCompilerId.c" succeeded.
Compiler: /nix/store/jdnmdqrrjphi8n85d9d8im9ym30dkd68-clang-wrapper-13.0.0/bin/clang 
Build flags: 
Id flags:  

The output was:
0


Compilation of the C compiler identification source "CMakeCCompilerId.c" produced "a.out"

The C compiler identification is Clang, found in "/home/cory/Code/replacer/build/CMakeFiles/3.22.1/CompilerIdC/a.out"

Compiling the CXX compiler identification source file "CMakeCXXCompilerId.cpp" succeeded.
Compiler: /nix/store/jdnmdqrrjphi8n85d9d8im9ym30dkd68-clang-wrapper-13.0.0/bin/clang++ 
Build flags: 
Id flags:  

The output was:
0


Compilation of the CXX compiler identification source "CMakeCXXCompilerId.cpp" produced "a.out"

The CXX compiler identification is Clang, found in "/home/cory/Code/replacer/build/CMakeFiles/3.22.1/CompilerIdCXX/a.out"

Detecting C compiler ABI info compiled with the following output:
Change Dir: /home/cory/Code/replacer/build/CMakeFiles/CMakeTmp

Run Build Command(s):/nix/store/x0mjfrxqxil8kkgzf29y2wj2wa6mcn87-gnumake-4.3/bin/make -f Makefile cmTC_71609/fast && /nix/store/x0mjfrxqxil8kkgzf29y2wj2wa6mcn87-gnumake-4.3/bin/make  -f CMakeFiles/cmTC_71609.dir/build.make CMakeFiles/cmTC_71609.dir/build
make[1]: Entering directory '/home/cory/Code/replacer/build/CMakeFiles/CMakeTmp'
Building C object CMakeFiles/cmTC_71609.dir/CMakeCCompilerABI.c.o
/nix/store/jdnmdqrrjphi8n85d9d8im9ym30dkd68-clang-wrapper-13.0.0/bin/clang   -v -MD -MT CMakeFiles/cmTC_71609.dir/CMakeCCompilerABI.c.o -MF CMakeFiles/cmTC_71609.dir/CMakeCCompilerABI.c.o.d -o CMakeFiles/cmTC_71609.dir/CMakeCCompilerABI.c.o -c /nix/store/pki50w5yhmdpgmn52iipv38yh4ydqhm7-cmake-3.22.1/share/cmake-3.22/Modules/CMakeCCompilerABI.c
clang version 13.0.0
Target: x86_64-unknown-linux-gnu
Thread model: posix
InstalledDir: /nix/store/1sl0bapdj660pjqz65d0v7pz92qgs8jr-clang-13.0.0/bin
Found candidate GCC installation: /nix/store/9m0k71s1ddhsp5l84wlpk9yhcmh5n1wx-gcc-10.3.0/lib/gcc/x86_64-unknown-linux-gnu/10.3.0
Found candidate GCC installation: /nix/store/9m0k71s1ddhsp5l84wlpk9yhcmh5n1wx-gcc-10.3.0/lib64/gcc/x86_64-unknown-linux-gnu/10.3.0
Selected GCC installation: /nix/store/9m0k71s1ddhsp5l84wlpk9yhcmh5n1wx-gcc-10.3.0/lib64/gcc/x86_64-unknown-linux-gnu/10.3.0
Candidate multilib: .;@m64
Selected multilib: .;@m64
 (in-process)
 "/nix/store/1sl0bapdj660pjqz65d0v7pz92qgs8jr-clang-13.0.0/bin/clang-13" -cc1 -triple x86_64-unknown-linux-gnu -emit-obj --mrelax-relocations -disable-free -disable-llvm-verifier -discard-value-names -main-file-name CMakeCCompilerABI.c -mrelocation-model pic -pic-level 2 -fhalf-no-semantic-interposition -mframe-pointer=none -fmath-errno -fno-rounding-math -mconstructor-aliases -munwind-tables -target-cpu x86-64 -tune-cpu generic -debugger-tuning=gdb -v -fcoverage-compilation-dir=/home/cory/Code/replacer/build/CMakeFiles/CMakeTmp -nostdsysteminc -resource-dir /nix/store/jdnmdqrrjphi8n85d9d8im9ym30dkd68-clang-wrapper-13.0.0/resource-root -dependency-file CMakeFiles/cmTC_71609.dir/CMakeCCompilerABI.c.o.d -MT CMakeFiles/cmTC_71609.dir/CMakeCCompilerABI.c.o -sys-header-deps -idirafter /nix/store/93z3gj6kl0qvdm1mzwb5vaxlz7i481lz-glibc-2.33-62-dev/include -isystem /nix/store/xivp8121sc24ww00jl0l1zdjqd4yq8pw-lldb-13.0.0-dev/include -isystem /nix/store/xivp8121sc24ww00jl0l1zdjqd4yq8pw-lldb-13.0.0-dev/include -isystem /nix/store/bzz1ikj6a71snxpvr5hv57gsvb8yn0xl-gtest-1.11.0-dev/include -isystem /nix/store/bzz1ikj6a71snxpvr5hv57gsvb8yn0xl-gtest-1.11.0-dev/include -isystem /nix/store/03aqjxlvv0zhnzai2c1vxj63sd4v0v2k-ncurses-6.3-dev/include -isystem /nix/store/03aqjxlvv0zhnzai2c1vxj63sd4v0v2k-ncurses-6.3-dev/include -isystem /nix/store/fxzhmc5zgws2la9c21p577m8hmzbjisb-compiler-rt-libc-13.0.0-dev/include -isystem /nix/store/fxzhmc5zgws2la9c21p577m8hmzbjisb-compiler-rt-libc-13.0.0-dev/include -isystem /nix/store/6kcmnjb8gjl4mg1ssjwwg8agw3di6dmd-libcxx-13.0.0-dev/include -isystem /nix/store/6kcmnjb8gjl4mg1ssjwwg8agw3di6dmd-libcxx-13.0.0-dev/include -isystem /nix/store/xivp8121sc24ww00jl0l1zdjqd4yq8pw-lldb-13.0.0-dev/include -isystem /nix/store/xivp8121sc24ww00jl0l1zdjqd4yq8pw-lldb-13.0.0-dev/include -isystem /nix/store/bzz1ikj6a71snxpvr5hv57gsvb8yn0xl-gtest-1.11.0-dev/include -isystem /nix/store/bzz1ikj6a71snxpvr5hv57gsvb8yn0xl-gtest-1.11.0-dev/include -isystem /nix/store/03aqjxlvv0zhnzai2c1vxj63sd4v0v2k-ncurses-6.3-dev/include -isystem /nix/store/03aqjxlvv0zhnzai2c1vxj63sd4v0v2k-ncurses-6.3-dev/include -isystem /nix/store/fxzhmc5zgws2la9c21p577m8hmzbjisb-compiler-rt-libc-13.0.0-dev/include -isystem /nix/store/fxzhmc5zgws2la9c21p577m8hmzbjisb-compiler-rt-libc-13.0.0-dev/include -isystem /nix/store/6kcmnjb8gjl4mg1ssjwwg8agw3di6dmd-libcxx-13.0.0-dev/include -isystem /nix/store/6kcmnjb8gjl4mg1ssjwwg8agw3di6dmd-libcxx-13.0.0-dev/include -D _FORTIFY_SOURCE=2 -I/nix/store/6kcmnjb8gjl4mg1ssjwwg8agw3di6dmd-libcxx-13.0.0-dev/include -I/nix/store/jdnmdqrrjphi8n85d9d8im9ym30dkd68-clang-wrapper-13.0.0/resource-root/include -internal-isystem /nix/store/jdnmdqrrjphi8n85d9d8im9ym30dkd68-clang-wrapper-13.0.0/resource-root/include -O2 -Wformat -Wformat-security -Werror=format-security -fdebug-compilation-dir=/home/cory/Code/replacer/build/CMakeFiles/CMakeTmp -ferror-limit 19 -fwrapv -stack-protector 2 -stack-protector-buffer-size 4 -fgnuc-version=4.2.1 -vectorize-loops -vectorize-slp -faddrsig -D__GCC_HAVE_DWARF2_CFI_ASM=1 -o CMakeFiles/cmTC_71609.dir/CMakeCCompilerABI.c.o -x c /nix/store/pki50w5yhmdpgmn52iipv38yh4ydqhm7-cmake-3.22.1/share/cmake-3.22/Modules/CMakeCCompilerABI.c
clang -cc1 version 13.0.0 based upon LLVM 13.0.0 default target x86_64-unknown-linux-gnu
ignoring duplicate directory "/nix/store/xivp8121sc24ww00jl0l1zdjqd4yq8pw-lldb-13.0.0-dev/include"
ignoring duplicate directory "/nix/store/bzz1ikj6a71snxpvr5hv57gsvb8yn0xl-gtest-1.11.0-dev/include"
ignoring duplicate directory "/nix/store/03aqjxlvv0zhnzai2c1vxj63sd4v0v2k-ncurses-6.3-dev/include"
ignoring duplicate directory "/nix/store/fxzhmc5zgws2la9c21p577m8hmzbjisb-compiler-rt-libc-13.0.0-dev/include"
ignoring duplicate directory "/nix/store/6kcmnjb8gjl4mg1ssjwwg8agw3di6dmd-libcxx-13.0.0-dev/include"
  as it is a non-system directory that duplicates a system directory
ignoring duplicate directory "/nix/store/6kcmnjb8gjl4mg1ssjwwg8agw3di6dmd-libcxx-13.0.0-dev/include"
ignoring duplicate directory "/nix/store/xivp8121sc24ww00jl0l1zdjqd4yq8pw-lldb-13.0.0-dev/include"
ignoring duplicate directory "/nix/store/xivp8121sc24ww00jl0l1zdjqd4yq8pw-lldb-13.0.0-dev/include"
ignoring duplicate directory "/nix/store/bzz1ikj6a71snxpvr5hv57gsvb8yn0xl-gtest-1.11.0-dev/include"
ignoring duplicate directory "/nix/store/bzz1ikj6a71snxpvr5hv57gsvb8yn0xl-gtest-1.11.0-dev/include"
ignoring duplicate directory "/nix/store/03aqjxlvv0zhnzai2c1vxj63sd4v0v2k-ncurses-6.3-dev/include"
ignoring duplicate directory "/nix/store/03aqjxlvv0zhnzai2c1vxj63sd4v0v2k-ncurses-6.3-dev/include"
ignoring duplicate directory "/nix/store/fxzhmc5zgws2la9c21p577m8hmzbjisb-compiler-rt-libc-13.0.0-dev/include"
ignoring duplicate directory "/nix/store/fxzhmc5zgws2la9c21p577m8hmzbjisb-compiler-rt-libc-13.0.0-dev/include"
ignoring duplicate directory "/nix/store/6kcmnjb8gjl4mg1ssjwwg8agw3di6dmd-libcxx-13.0.0-dev/include"
ignoring duplicate directory "/nix/store/6kcmnjb8gjl4mg1ssjwwg8agw3di6dmd-libcxx-13.0.0-dev/include"
ignoring duplicate directory "/nix/store/jdnmdqrrjphi8n85d9d8im9ym30dkd68-clang-wrapper-13.0.0/resource-root/include"
  as it is a non-system directory that duplicates a system directory
#include "..." search starts here:
#include <...> search starts here:
 /nix/store/xivp8121sc24ww00jl0l1zdjqd4yq8pw-lldb-13.0.0-dev/include
 /nix/store/bzz1ikj6a71snxpvr5hv57gsvb8yn0xl-gtest-1.11.0-dev/include
 /nix/store/03aqjxlvv0zhnzai2c1vxj63sd4v0v2k-ncurses-6.3-dev/include
 /nix/store/fxzhmc5zgws2la9c21p577m8hmzbjisb-compiler-rt-libc-13.0.0-dev/include
 /nix/store/6kcmnjb8gjl4mg1ssjwwg8agw3di6dmd-libcxx-13.0.0-dev/include
 /nix/store/jdnmdqrrjphi8n85d9d8im9ym30dkd68-clang-wrapper-13.0.0/resource-root/include
 /nix/store/93z3gj6kl0qvdm1mzwb5vaxlz7i481lz-glibc-2.33-62-dev/include
End of search list.
Linking C executable cmTC_71609
/nix/store/pki50w5yhmdpgmn52iipv38yh4ydqhm7-cmake-3.22.1/bin/cmake -E cmake_link_script CMakeFiles/cmTC_71609.dir/link.txt --verbose=1
/nix/store/jdnmdqrrjphi8n85d9d8im9ym30dkd68-clang-wrapper-13.0.0/bin/clang  -v CMakeFiles/cmTC_71609.dir/CMakeCCompilerABI.c.o -o cmTC_71609 
clang version 13.0.0
Target: x86_64-unknown-linux-gnu
Thread model: posix
InstalledDir: /nix/store/1sl0bapdj660pjqz65d0v7pz92qgs8jr-clang-13.0.0/bin
Found candidate GCC installation: /nix/store/9m0k71s1ddhsp5l84wlpk9yhcmh5n1wx-gcc-10.3.0/lib/gcc/x86_64-unknown-linux-gnu/10.3.0
Found candidate GCC installation: /nix/store/9m0k71s1ddhsp5l84wlpk9yhcmh5n1wx-gcc-10.3.0/lib64/gcc/x86_64-unknown-linux-gnu/10.3.0
Selected GCC installation: /nix/store/9m0k71s1ddhsp5l84wlpk9yhcmh5n1wx-gcc-10.3.0/lib64/gcc/x86_64-unknown-linux-gnu/10.3.0
Candidate multilib: .;@m64
Selected multilib: .;@m64
 "/nix/store/jdnmdqrrjphi8n85d9d8im9ym30dkd68-clang-wrapper-13.0.0/bin/ld" --eh-frame-hdr -m elf_x86_64 -o cmTC_71609 /nix/store/saw6nkqqqfx5xm1h5cpk7gxnxmw9wk47-glibc-2.33-62/lib/crt1.o /nix/store/saw6nkqqqfx5xm1h5cpk7gxnxmw9wk47-glibc-2.33-62/lib/crti.o /nix/store/9m0k71s1ddhsp5l84wlpk9yhcmh5n1wx-gcc-10.3.0/lib/gcc/x86_64-unknown-linux-gnu/10.3.0/crtbegin.o -L/nix/store/kl98ld46xnbzxp3s90fyw8rh3hlzky34-lldb-13.0.0-lib/lib -L/nix/store/kl98ld46xnbzxp3s90fyw8rh3hlzky34-lldb-13.0.0-lib/lib -L/nix/store/vflf3skrxxiv6zb4qyklyah60y9k82w3-gtest-1.11.0/lib -L/nix/store/vflf3skrxxiv6zb4qyklyah60y9k82w3-gtest-1.11.0/lib -L/nix/store/y332ks5b6xbihvhchs84lq36na9bf4rf-ncurses-6.3/lib -L/nix/store/y332ks5b6xbihvhchs84lq36na9bf4rf-ncurses-6.3/lib -L/nix/store/iz8ggy955lmwwp0r4aw7wk0dmp1x6sma-libcxx-13.0.0/lib -L/nix/store/iz8ggy955lmwwp0r4aw7wk0dmp1x6sma-libcxx-13.0.0/lib -L/nix/store/kl98ld46xnbzxp3s90fyw8rh3hlzky34-lldb-13.0.0-lib/lib -L/nix/store/kl98ld46xnbzxp3s90fyw8rh3hlzky34-lldb-13.0.0-lib/lib -L/nix/store/vflf3skrxxiv6zb4qyklyah60y9k82w3-gtest-1.11.0/lib -L/nix/store/vflf3skrxxiv6zb4qyklyah60y9k82w3-gtest-1.11.0/lib -L/nix/store/y332ks5b6xbihvhchs84lq36na9bf4rf-ncurses-6.3/lib -L/nix/store/y332ks5b6xbihvhchs84lq36na9bf4rf-ncurses-6.3/lib -L/nix/store/iz8ggy955lmwwp0r4aw7wk0dmp1x6sma-libcxx-13.0.0/lib -L/nix/store/iz8ggy955lmwwp0r4aw7wk0dmp1x6sma-libcxx-13.0.0/lib -L/nix/store/saw6nkqqqfx5xm1h5cpk7gxnxmw9wk47-glibc-2.33-62/lib -L/nix/store/9m0k71s1ddhsp5l84wlpk9yhcmh5n1wx-gcc-10.3.0/lib/gcc/x86_64-unknown-linux-gnu/10.3.0 -L/nix/store/x17b1wq871r4ycrxyy1n85ja09dxq3ih-gcc-10.3.0-lib/x86_64-unknown-linux-gnu/lib -L/nix/store/7q0lgfz6xvbswwr1p99ymsdsimq06dpk-clang-13.0.0-lib/lib -L/nix/store/9m0k71s1ddhsp5l84wlpk9yhcmh5n1wx-gcc-10.3.0/lib64/gcc/x86_64-unknown-linux-gnu/10.3.0 -L/nix/store/9m0k71s1ddhsp5l84wlpk9yhcmh5n1wx-gcc-10.3.0/lib64/gcc/x86_64-unknown-linux-gnu/10.3.0/../../../../lib64 -L/nix/store/1sl0bapdj660pjqz65d0v7pz92qgs8jr-clang-13.0.0/bin/../lib -dynamic-linker=/nix/store/saw6nkqqqfx5xm1h5cpk7gxnxmw9wk47-glibc-2.33-62/lib/ld-linux-x86-64.so.2 CMakeFiles/cmTC_71609.dir/CMakeCCompilerABI.c.o -rpath /home/cory/Code/replacer/outputs/out/lib64 -rpath /home/cory/Code/replacer/outputs/out/lib -lgcc --as-needed -lgcc_s --no-as-needed -lc -lgcc --as-needed -lgcc_s --no-as-needed /nix/store/9m0k71s1ddhsp5l84wlpk9yhcmh5n1wx-gcc-10.3.0/lib/gcc/x86_64-unknown-linux-gnu/10.3.0/crtend.o /nix/store/saw6nkqqqfx5xm1h5cpk7gxnxmw9wk47-glibc-2.33-62/lib/crtn.o
make[1]: Leaving directory '/home/cory/Code/replacer/build/CMakeFiles/CMakeTmp'



Parsed C implicit include dir info from above output: rv=done
  found start of include info
  found start of implicit include info
    add: [/nix/store/xivp8121sc24ww00jl0l1zdjqd4yq8pw-lldb-13.0.0-dev/include]
    add: [/nix/store/bzz1ikj6a71snxpvr5hv57gsvb8yn0xl-gtest-1.11.0-dev/include]
    add: [/nix/store/03aqjxlvv0zhnzai2c1vxj63sd4v0v2k-ncurses-6.3-dev/include]
    add: [/nix/store/fxzhmc5zgws2la9c21p577m8hmzbjisb-compiler-rt-libc-13.0.0-dev/include]
    add: [/nix/store/6kcmnjb8gjl4mg1ssjwwg8agw3di6dmd-libcxx-13.0.0-dev/include]
    add: [/nix/store/jdnmdqrrjphi8n85d9d8im9ym30dkd68-clang-wrapper-13.0.0/resource-root/include]
    add: [/nix/store/93z3gj6kl0qvdm1mzwb5vaxlz7i481lz-glibc-2.33-62-dev/include]
  end of search list found
  collapse include dir [/nix/store/xivp8121sc24ww00jl0l1zdjqd4yq8pw-lldb-13.0.0-dev/include] ==> [/nix/store/xivp8121sc24ww00jl0l1zdjqd4yq8pw-lldb-13.0.0-dev/include]
  collapse include dir [/nix/store/bzz1ikj6a71snxpvr5hv57gsvb8yn0xl-gtest-1.11.0-dev/include] ==> [/nix/store/bzz1ikj6a71snxpvr5hv57gsvb8yn0xl-gtest-1.11.0-dev/include]
  collapse include dir [/nix/store/03aqjxlvv0zhnzai2c1vxj63sd4v0v2k-ncurses-6.3-dev/include] ==> [/nix/store/03aqjxlvv0zhnzai2c1vxj63sd4v0v2k-ncurses-6.3-dev/include]
  collapse include dir [/nix/store/fxzhmc5zgws2la9c21p577m8hmzbjisb-compiler-rt-libc-13.0.0-dev/include] ==> [/nix/store/fxzhmc5zgws2la9c21p577m8hmzbjisb-compiler-rt-libc-13.0.0-dev/include]
  collapse include dir [/nix/store/6kcmnjb8gjl4mg1ssjwwg8agw3di6dmd-libcxx-13.0.0-dev/include] ==> [/nix/store/6kcmnjb8gjl4mg1ssjwwg8agw3di6dmd-libcxx-13.0.0-dev/include]
  collapse include dir [/nix/store/jdnmdqrrjphi8n85d9d8im9ym30dkd68-clang-wrapper-13.0.0/resource-root/include] ==> [/nix/store/jdnmdqrrjphi8n85d9d8im9ym30dkd68-clang-wrapper-13.0.0/resource-root/include]
  collapse include dir [/nix/store/93z3gj6kl0qvdm1mzwb5vaxlz7i481lz-glibc-2.33-62-dev/include] ==> [/nix/store/93z3gj6kl0qvdm1mzwb5vaxlz7i481lz-glibc-2.33-62-dev/include]
  implicit include dirs: [/nix/store/xivp8121sc24ww00jl0l1zdjqd4yq8pw-lldb-13.0.0-dev/include;/nix/store/bzz1ikj6a71snxpvr5hv57gsvb8yn0xl-gtest-1.11.0-dev/include;/nix/store/03aqjxlvv0zhnzai2c1vxj63sd4v0v2k-ncurses-6.3-dev/include;/nix/store/fxzhmc5zgws2la9c21p577m8hmzbjisb-compiler-rt-libc-13.0.0-dev/include;/nix/store/6kcmnjb8gjl4mg1ssjwwg8agw3di6dmd-libcxx-13.0.0-dev/include;/nix/store/jdnmdqrrjphi8n85d9d8im9ym30dkd68-clang-wrapper-13.0.0/resource-root/include;/nix/store/93z3gj6kl0qvdm1mzwb5vaxlz7i481lz-glibc-2.33-62-dev/include]


Parsed C implicit link information from above output:
  link line regex: [^( *|.*[/\])(ld|CMAKE_LINK_STARTFILE-NOTFOUND|([^/\]+-)?ld|collect2)[^/\]*( |$)]
  ignore line: [Change Dir: /home/cory/Code/replacer/build/CMakeFiles/CMakeTmp]
  ignore line: []
  ignore line: [Run Build Command(s):/nix/store/x0mjfrxqxil8kkgzf29y2wj2wa6mcn87-gnumake-4.3/bin/make -f Makefile cmTC_71609/fast && /nix/store/x0mjfrxqxil8kkgzf29y2wj2wa6mcn87-gnumake-4.3/bin/make  -f CMakeFiles/cmTC_71609.dir/build.make CMakeFiles/cmTC_71609.dir/build]
  ignore line: [make[1]: Entering directory '/home/cory/Code/replacer/build/CMakeFiles/CMakeTmp']
  ignore line: [Building C object CMakeFiles/cmTC_71609.dir/CMakeCCompilerABI.c.o]
  ignore line: [/nix/store/jdnmdqrrjphi8n85d9d8im9ym30dkd68-clang-wrapper-13.0.0/bin/clang   -v -MD -MT CMakeFiles/cmTC_71609.dir/CMakeCCompilerABI.c.o -MF CMakeFiles/cmTC_71609.dir/CMakeCCompilerABI.c.o.d -o CMakeFiles/cmTC_71609.dir/CMakeCCompilerABI.c.o -c /nix/store/pki50w5yhmdpgmn52iipv38yh4ydqhm7-cmake-3.22.1/share/cmake-3.22/Modules/CMakeCCompilerABI.c]
  ignore line: [clang version 13.0.0]
  ignore line: [Target: x86_64-unknown-linux-gnu]
  ignore line: [Thread model: posix]
  ignore line: [InstalledDir: /nix/store/1sl0bapdj660pjqz65d0v7pz92qgs8jr-clang-13.0.0/bin]
  ignore line: [Found candidate GCC installation: /nix/store/9m0k71s1ddhsp5l84wlpk9yhcmh5n1wx-gcc-10.3.0/lib/gcc/x86_64-unknown-linux-gnu/10.3.0]
  ignore line: [Found candidate GCC installation: /nix/store/9m0k71s1ddhsp5l84wlpk9yhcmh5n1wx-gcc-10.3.0/lib64/gcc/x86_64-unknown-linux-gnu/10.3.0]
  ignore line: [Selected GCC installation: /nix/store/9m0k71s1ddhsp5l84wlpk9yhcmh5n1wx-gcc-10.3.0/lib64/gcc/x86_64-unknown-linux-gnu/10.3.0]
  ignore line: [Candidate multilib: .]
  ignore line: [@m64]
  ignore line: [Selected multilib: .]
  ignore line: [@m64]
  ignore line: [ (in-process)]
  ignore line: [ "/nix/store/1sl0bapdj660pjqz65d0v7pz92qgs8jr-clang-13.0.0/bin/clang-13" -cc1 -triple x86_64-unknown-linux-gnu -emit-obj --mrelax-relocations -disable-free -disable-llvm-verifier -discard-value-names -main-file-name CMakeCCompilerABI.c -mrelocation-model pic -pic-level 2 -fhalf-no-semantic-interposition -mframe-pointer=none -fmath-errno -fno-rounding-math -mconstructor-aliases -munwind-tables -target-cpu x86-64 -tune-cpu generic -debugger-tuning=gdb -v -fcoverage-compilation-dir=/home/cory/Code/replacer/build/CMakeFiles/CMakeTmp -nostdsysteminc -resource-dir /nix/store/jdnmdqrrjphi8n85d9d8im9ym30dkd68-clang-wrapper-13.0.0/resource-root -dependency-file CMakeFiles/cmTC_71609.dir/CMakeCCompilerABI.c.o.d -MT CMakeFiles/cmTC_71609.dir/CMakeCCompilerABI.c.o -sys-header-deps -idirafter /nix/store/93z3gj6kl0qvdm1mzwb5vaxlz7i481lz-glibc-2.33-62-dev/include -isystem /nix/store/xivp8121sc24ww00jl0l1zdjqd4yq8pw-lldb-13.0.0-dev/include -isystem /nix/store/xivp8121sc24ww00jl0l1zdjqd4yq8pw-lldb-13.0.0-dev/include -isystem /nix/store/bzz1ikj6a71snxpvr5hv57gsvb8yn0xl-gtest-1.11.0-dev/include -isystem /nix/store/bzz1ikj6a71snxpvr5hv57gsvb8yn0xl-gtest-1.11.0-dev/include -isystem /nix/store/03aqjxlvv0zhnzai2c1vxj63sd4v0v2k-ncurses-6.3-dev/include -isystem /nix/store/03aqjxlvv0zhnzai2c1vxj63sd4v0v2k-ncurses-6.3-dev/include -isystem /nix/store/fxzhmc5zgws2la9c21p577m8hmzbjisb-compiler-rt-libc-13.0.0-dev/include -isystem /nix/store/fxzhmc5zgws2la9c21p577m8hmzbjisb-compiler-rt-libc-13.0.0-dev/include -isystem /nix/store/6kcmnjb8gjl4mg1ssjwwg8agw3di6dmd-libcxx-13.0.0-dev/include -isystem /nix/store/6kcmnjb8gjl4mg1ssjwwg8agw3di6dmd-libcxx-13.0.0-dev/include -isystem /nix/store/xivp8121sc24ww00jl0l1zdjqd4yq8pw-lldb-13.0.0-dev/include -isystem /nix/store/xivp8121sc24ww00jl0l1zdjqd4yq8pw-lldb-13.0.0-dev/include -isystem /nix/store/bzz1ikj6a71snxpvr5hv57gsvb8yn0xl-gtest-1.11.0-dev/include -isystem /nix/store/bzz1ikj6a71snxpvr5hv57gsvb8yn0xl-gtest-1.11.0-dev/include -isystem /nix/store/03aqjxlvv0zhnzai2c1vxj63sd4v0v2k-ncurses-6.3-dev/include -isystem /nix/store/03aqjxlvv0zhnzai2c1vxj63sd4v0v2k-ncurses-6.3-dev/include -isystem /nix/store/fxzhmc5zgws2la9c21p577m8hmzbjisb-compiler-rt-libc-13.0.0-dev/include -isystem /nix/store/fxzhmc5zgws2la9c21p577m8hmzbjisb-compiler-rt-libc-13.0.0-dev/include -isystem /nix/store/6kcmnjb8gjl4mg1ssjwwg8agw3di6dmd-libcxx-13.0.0-dev/include -isystem /nix/store/6kcmnjb8gjl4mg1ssjwwg8agw3di6dmd-libcxx-13.0.0-dev/include -D _FORTIFY_SOURCE=2 -I/nix/store/6kcmnjb8gjl4mg1ssjwwg8agw3di6dmd-libcxx-13.0.0-dev/include -I/nix/store/jdnmdqrrjphi8n85d9d8im9ym30dkd68-clang-wrapper-13.0.0/resource-root/include -internal-isystem /nix/store/jdnmdqrrjphi8n85d9d8im9ym30dkd68-clang-wrapper-13.0.0/resource-root/include -O2 -Wformat -Wformat-security -Werror=format-security -fdebug-compilation-dir=/home/cory/Code/replacer/build/CMakeFiles/CMakeTmp -ferror-limit 19 -fwrapv -stack-protector 2 -stack-protector-buffer-size 4 -fgnuc-version=4.2.1 -vectorize-loops -vectorize-slp -faddrsig -D__GCC_HAVE_DWARF2_CFI_ASM=1 -o CMakeFiles/cmTC_71609.dir/CMakeCCompilerABI.c.o -x c /nix/store/pki50w5yhmdpgmn52iipv38yh4ydqhm7-cmake-3.22.1/share/cmake-3.22/Modules/CMakeCCompilerABI.c]
  ignore line: [clang -cc1 version 13.0.0 based upon LLVM 13.0.0 default target x86_64-unknown-linux-gnu]
  ignore line: [ignoring duplicate directory "/nix/store/xivp8121sc24ww00jl0l1zdjqd4yq8pw-lldb-13.0.0-dev/include"]
  ignore line: [ignoring duplicate directory "/nix/store/bzz1ikj6a71snxpvr5hv57gsvb8yn0xl-gtest-1.11.0-dev/include"]
  ignore line: [ignoring duplicate directory "/nix/store/03aqjxlvv0zhnzai2c1vxj63sd4v0v2k-ncurses-6.3-dev/include"]
  ignore line: [ignoring duplicate directory "/nix/store/fxzhmc5zgws2la9c21p577m8hmzbjisb-compiler-rt-libc-13.0.0-dev/include"]
  ignore line: [ignoring duplicate directory "/nix/store/6kcmnjb8gjl4mg1ssjwwg8agw3di6dmd-libcxx-13.0.0-dev/include"]
  ignore line: [  as it is a non-system directory that duplicates a system directory]
  ignore line: [ignoring duplicate directory "/nix/store/6kcmnjb8gjl4mg1ssjwwg8agw3di6dmd-libcxx-13.0.0-dev/include"]
  ignore line: [ignoring duplicate directory "/nix/store/xivp8121sc24ww00jl0l1zdjqd4yq8pw-lldb-13.0.0-dev/include"]
  ignore line: [ignoring duplicate directory "/nix/store/xivp8121sc24ww00jl0l1zdjqd4yq8pw-lldb-13.0.0-dev/include"]
  ignore line: [ignoring duplicate directory "/nix/store/bzz1ikj6a71snxpvr5hv57gsvb8yn0xl-gtest-1.11.0-dev/include"]
  ignore line: [ignoring duplicate directory "/nix/store/bzz1ikj6a71snxpvr5hv57gsvb8yn0xl-gtest-1.11.0-dev/include"]
  ignore line: [ignoring duplicate directory "/nix/store/03aqjxlvv0zhnzai2c1vxj63sd4v0v2k-ncurses-6.3-dev/include"]
  ignore line: [ignoring duplicate directory "/nix/store/03aqjxlvv0zhnzai2c1vxj63sd4v0v2k-ncurses-6.3-dev/include"]
  ignore line: [ignoring duplicate directory "/nix/store/fxzhmc5zgws2la9c21p577m8hmzbjisb-compiler-rt-libc-13.0.0-dev/include"]
  ignore line: [ignoring duplicate directory "/nix/store/fxzhmc5zgws2la9c21p577m8hmzbjisb-compiler-rt-libc-13.0.0-dev/include"]
  ignore line: [ignoring duplicate directory "/nix/store/6kcmnjb8gjl4mg1ssjwwg8agw3di6dmd-libcxx-13.0.0-dev/include"]
  ignore line: [ignoring duplicate directory "/nix/store/6kcmnjb8gjl4mg1ssjwwg8agw3di6dmd-libcxx-13.0.0-dev/include"]
  ignore line: [ignoring duplicate directory "/nix/store/jdnmdqrrjphi8n85d9d8im9ym30dkd68-clang-wrapper-13.0.0/resource-root/include"]
  ignore line: [  as it is a non-system directory that duplicates a system directory]
  ignore line: [#include "..." search starts here:]
  ignore line: [#include <...> search starts here:]
  ignore line: [ /nix/store/xivp8121sc24ww00jl0l1zdjqd4yq8pw-lldb-13.0.0-dev/include]
  ignore line: [ /nix/store/bzz1ikj6a71snxpvr5hv57gsvb8yn0xl-gtest-1.11.0-dev/include]
  ignore line: [ /nix/store/03aqjxlvv0zhnzai2c1vxj63sd4v0v2k-ncurses-6.3-dev/include]
  ignore line: [ /nix/store/fxzhmc5zgws2la9c21p577m8hmzbjisb-compiler-rt-libc-13.0.0-dev/include]
  ignore line: [ /nix/store/6kcmnjb8gjl4mg1ssjwwg8agw3di6dmd-libcxx-13.0.0-dev/include]
  ignore line: [ /nix/store/jdnmdqrrjphi8n85d9d8im9ym30dkd68-clang-wrapper-13.0.0/resource-root/include]
  ignore line: [ /nix/store/93z3gj6kl0qvdm1mzwb5vaxlz7i481lz-glibc-2.33-62-dev/include]
  ignore line: [End of search list.]
  ignore line: [Linking C executable cmTC_71609]
  ignore line: [/nix/store/pki50w5yhmdpgmn52iipv38yh4ydqhm7-cmake-3.22.1/bin/cmake -E cmake_link_script CMakeFiles/cmTC_71609.dir/link.txt --verbose=1]
  ignore line: [/nix/store/jdnmdqrrjphi8n85d9d8im9ym30dkd68-clang-wrapper-13.0.0/bin/clang  -v CMakeFiles/cmTC_71609.dir/CMakeCCompilerABI.c.o -o cmTC_71609 ]
  ignore line: [clang version 13.0.0]
  ignore line: [Target: x86_64-unknown-linux-gnu]
  ignore line: [Thread model: posix]
  ignore line: [InstalledDir: /nix/store/1sl0bapdj660pjqz65d0v7pz92qgs8jr-clang-13.0.0/bin]
  ignore line: [Found candidate GCC installation: /nix/store/9m0k71s1ddhsp5l84wlpk9yhcmh5n1wx-gcc-10.3.0/lib/gcc/x86_64-unknown-linux-gnu/10.3.0]
  ignore line: [Found candidate GCC installation: /nix/store/9m0k71s1ddhsp5l84wlpk9yhcmh5n1wx-gcc-10.3.0/lib64/gcc/x86_64-unknown-linux-gnu/10.3.0]
  ignore line: [Selected GCC installation: /nix/store/9m0k71s1ddhsp5l84wlpk9yhcmh5n1wx-gcc-10.3.0/lib64/gcc/x86_64-unknown-linux-gnu/10.3.0]
  ignore line: [Candidate multilib: .]
  ignore line: [@m64]
  ignore line: [Selected multilib: .]
  ignore line: [@m64]
  link line: [ "/nix/store/jdnmdqrrjphi8n85d9d8im9ym30dkd68-clang-wrapper-13.0.0/bin/ld" --eh-frame-hdr -m elf_x86_64 -o cmTC_71609 /nix/store/saw6nkqqqfx5xm1h5cpk7gxnxmw9wk47-glibc-2.33-62/lib/crt1.o /nix/store/saw6nkqqqfx5xm1h5cpk7gxnxmw9wk47-glibc-2.33-62/lib/crti.o /nix/store/9m0k71s1ddhsp5l84wlpk9yhcmh5n1wx-gcc-10.3.0/lib/gcc/x86_64-unknown-linux-gnu/10.3.0/crtbegin.o -L/nix/store/kl98ld46xnbzxp3s90fyw8rh3hlzky34-lldb-13.0.0-lib/lib -L/nix/store/kl98ld46xnbzxp3s90fyw8rh3hlzky34-lldb-13.0.0-lib/lib -L/nix/store/vflf3skrxxiv6zb4qyklyah60y9k82w3-gtest-1.11.0/lib -L/nix/store/vflf3skrxxiv6zb4qyklyah60y9k82w3-gtest-1.11.0/lib -L/nix/store/y332ks5b6xbihvhchs84lq36na9bf4rf-ncurses-6.3/lib -L/nix/store/y332ks5b6xbihvhchs84lq36na9bf4rf-ncurses-6.3/lib -L/nix/store/iz8ggy955lmwwp0r4aw7wk0dmp1x6sma-libcxx-13.0.0/lib -L/nix/store/iz8ggy955lmwwp0r4aw7wk0dmp1x6sma-libcxx-13.0.0/lib -L/nix/store/kl98ld46xnbzxp3s90fyw8rh3hlzky34-lldb-13.0.0-lib/lib -L/nix/store/kl98ld46xnbzxp3s90fyw8rh3hlzky34-lldb-13.0.0-lib/lib -L/nix/store/vflf3skrxxiv6zb4qyklyah60y9k82w3-gtest-1.11.0/lib -L/nix/store/vflf3skrxxiv6zb4qyklyah60y9k82w3-gtest-1.11.0/lib -L/nix/store/y332ks5b6xbihvhchs84lq36na9bf4rf-ncurses-6.3/lib -L/nix/store/y332ks5b6xbihvhchs84lq36na9bf4rf-ncurses-6.3/lib -L/nix/store/iz8ggy955lmwwp0r4aw7wk0dmp1x6sma-libcxx-13.0.0/lib -L/nix/store/iz8ggy955lmwwp0r4aw7wk0dmp1x6sma-libcxx-13.0.0/lib -L/nix/store/saw6nkqqqfx5xm1h5cpk7gxnxmw9wk47-glibc-2.33-62/lib -L/nix/store/9m0k71s1ddhsp5l84wlpk9yhcmh5n1wx-gcc-10.3.0/lib/gcc/x86_64-unknown-linux-gnu/10.3.0 -L/nix/store/x17b1wq871r4ycrxyy1n85ja09dxq3ih-gcc-10.3.0-lib/x86_64-unknown-linux-gnu/lib -L/nix/store/7q0lgfz6xvbswwr1p99ymsdsimq06dpk-clang-13.0.0-lib/lib -L/nix/store/9m0k71s1ddhsp5l84wlpk9yhcmh5n1wx-gcc-10.3.0/lib64/gcc/x86_64-unknown-linux-gnu/10.3.0 -L/nix/store/9m0k71s1ddhsp5l84wlpk9yhcmh5n1wx-gcc-10.3.0/lib64/gcc/x86_64-unknown-linux-gnu/10.3.0/../../../../lib64 -L/nix/store/1sl0bapdj660pjqz65d0v7pz92qgs8jr-clang-13.0.0/bin/../lib -dynamic-linker=/nix/store/saw6nkqqqfx5xm1h5cpk7gxnxmw9wk47-glibc-2.33-62/lib/ld-linux-x86-64.so.2 CMakeFiles/cmTC_71609.dir/CMakeCCompilerABI.c.o -rpath /home/cory/Code/replacer/outputs/out/lib64 -rpath /home/cory/Code/replacer/outputs/out/lib -lgcc --as-needed -lgcc_s --no-as-needed -lc -lgcc --as-needed -lgcc_s --no-as-needed /nix/store/9m0k71s1ddhsp5l84wlpk9yhcmh5n1wx-gcc-10.3.0/lib/gcc/x86_64-unknown-linux-gnu/10.3.0/crtend.o /nix/store/saw6nkqqqfx5xm1h5cpk7gxnxmw9wk47-glibc-2.33-62/lib/crtn.o]
    arg [/nix/store/jdnmdqrrjphi8n85d9d8im9ym30dkd68-clang-wrapper-13.0.0/bin/ld] ==> ignore
    arg [--eh-frame-hdr] ==> ignore
    arg [-m] ==> ignore
    arg [elf_x86_64] ==> ignore
    arg [-o] ==> ignore
    arg [cmTC_71609] ==> ignore
    arg [/nix/store/saw6nkqqqfx5xm1h5cpk7gxnxmw9wk47-glibc-2.33-62/lib/crt1.o] ==> obj [/nix/store/saw6nkqqqfx5xm1h5cpk7gxnxmw9wk47-glibc-2.33-62/lib/crt1.o]
    arg [/nix/store/saw6nkqqqfx5xm1h5cpk7gxnxmw9wk47-glibc-2.33-62/lib/crti.o] ==> obj [/nix/store/saw6nkqqqfx5xm1h5cpk7gxnxmw9wk47-glibc-2.33-62/lib/crti.o]
    arg [/nix/store/9m0k71s1ddhsp5l84wlpk9yhcmh5n1wx-gcc-10.3.0/lib/gcc/x86_64-unknown-linux-gnu/10.3.0/crtbegin.o] ==> obj [/nix/store/9m0k71s1ddhsp5l84wlpk9yhcmh5n1wx-gcc-10.3.0/lib/gcc/x86_64-unknown-linux-gnu/10.3.0/crtbegin.o]
    arg [-L/nix/store/kl98ld46xnbzxp3s90fyw8rh3hlzky34-lldb-13.0.0-lib/lib] ==> dir [/nix/store/kl98ld46xnbzxp3s90fyw8rh3hlzky34-lldb-13.0.0-lib/lib]
    arg [-L/nix/store/kl98ld46xnbzxp3s90fyw8rh3hlzky34-lldb-13.0.0-lib/lib] ==> dir [/nix/store/kl98ld46xnbzxp3s90fyw8rh3hlzky34-lldb-13.0.0-lib/lib]
    arg [-L/nix/store/vflf3skrxxiv6zb4qyklyah60y9k82w3-gtest-1.11.0/lib] ==> dir [/nix/store/vflf3skrxxiv6zb4qyklyah60y9k82w3-gtest-1.11.0/lib]
    arg [-L/nix/store/vflf3skrxxiv6zb4qyklyah60y9k82w3-gtest-1.11.0/lib] ==> dir [/nix/store/vflf3skrxxiv6zb4qyklyah60y9k82w3-gtest-1.11.0/lib]
    arg [-L/nix/store/y332ks5b6xbihvhchs84lq36na9bf4rf-ncurses-6.3/lib] ==> dir [/nix/store/y332ks5b6xbihvhchs84lq36na9bf4rf-ncurses-6.3/lib]
    arg [-L/nix/store/y332ks5b6xbihvhchs84lq36na9bf4rf-ncurses-6.3/lib] ==> dir [/nix/store/y332ks5b6xbihvhchs84lq36na9bf4rf-ncurses-6.3/lib]
    arg [-L/nix/store/iz8ggy955lmwwp0r4aw7wk0dmp1x6sma-libcxx-13.0.0/lib] ==> dir [/nix/store/iz8ggy955lmwwp0r4aw7wk0dmp1x6sma-libcxx-13.0.0/lib]
    arg [-L/nix/store/iz8ggy955lmwwp0r4aw7wk0dmp1x6sma-libcxx-13.0.0/lib] ==> dir [/nix/store/iz8ggy955lmwwp0r4aw7wk0dmp1x6sma-libcxx-13.0.0/lib]
    arg [-L/nix/store/kl98ld46xnbzxp3s90fyw8rh3hlzky34-lldb-13.0.0-lib/lib] ==> dir [/nix/store/kl98ld46xnbzxp3s90fyw8rh3hlzky34-lldb-13.0.0-lib/lib]
    arg [-L/nix/store/kl98ld46xnbzxp3s90fyw8rh3hlzky34-lldb-13.0.0-lib/lib] ==> dir [/nix/store/kl98ld46xnbzxp3s90fyw8rh3hlzky34-lldb-13.0.0-lib/lib]
    arg [-L/nix/store/vflf3skrxxiv6zb4qyklyah60y9k82w3-gtest-1.11.0/lib] ==> dir [/nix/store/vflf3skrxxiv6zb4qyklyah60y9k82w3-gtest-1.11.0/lib]
    arg [-L/nix/store/vflf3skrxxiv6zb4qyklyah60y9k82w3-gtest-1.11.0/lib] ==> dir [/nix/store/vflf3skrxxiv6zb4qyklyah60y9k82w3-gtest-1.11.0/lib]
    arg [-L/nix/store/y332ks5b6xbihvhchs84lq36na9bf4rf-ncurses-6.3/lib] ==> dir [/nix/store/y332ks5b6xbihvhchs84lq36na9bf4rf-ncurses-6.3/lib]
    arg [-L/nix/store/y332ks5b6xbihvhchs84lq36na9bf4rf-ncurses-6.3/lib] ==> dir [/nix/store/y332ks5b6xbihvhchs84lq36na9bf4rf-ncurses-6.3/lib]
    arg [-L/nix/store/iz8ggy955lmwwp0r4aw7wk0dmp1x6sma-libcxx-13.0.0/lib] ==> dir [/nix/store/iz8ggy955lmwwp0r4aw7wk0dmp1x6sma-libcxx-13.0.0/lib]
    arg [-L/nix/store/iz8ggy955lmwwp0r4aw7wk0dmp1x6sma-libcxx-13.0.0/lib] ==> dir [/nix/store/iz8ggy955lmwwp0r4aw7wk0dmp1x6sma-libcxx-13.0.0/lib]
    arg [-L/nix/store/saw6nkqqqfx5xm1h5cpk7gxnxmw9wk47-glibc-2.33-62/lib] ==> dir [/nix/store/saw6nkqqqfx5xm1h5cpk7gxnxmw9wk47-glibc-2.33-62/lib]
    arg [-L/nix/store/9m0k71s1ddhsp5l84wlpk9yhcmh5n1wx-gcc-10.3.0/lib/gcc/x86_64-unknown-linux-gnu/10.3.0] ==> dir [/nix/store/9m0k71s1ddhsp5l84wlpk9yhcmh5n1wx-gcc-10.3.0/lib/gcc/x86_64-unknown-linux-gnu/10.3.0]
    arg [-L/nix/store/x17b1wq871r4ycrxyy1n85ja09dxq3ih-gcc-10.3.0-lib/x86_64-unknown-linux-gnu/lib] ==> dir [/nix/store/x17b1wq871r4ycrxyy1n85ja09dxq3ih-gcc-10.3.0-lib/x86_64-unknown-linux-gnu/lib]
    arg [-L/nix/store/7q0lgfz6xvbswwr1p99ymsdsimq06dpk-clang-13.0.0-lib/lib] ==> dir [/nix/store/7q0lgfz6xvbswwr1p99ymsdsimq06dpk-clang-13.0.0-lib/lib]
    arg [-L/nix/store/9m0k71s1ddhsp5l84wlpk9yhcmh5n1wx-gcc-10.3.0/lib64/gcc/x86_64-unknown-linux-gnu/10.3.0] ==> dir [/nix/store/9m0k71s1ddhsp5l84wlpk9yhcmh5n1wx-gcc-10.3.0/lib64/gcc/x86_64-unknown-linux-gnu/10.3.0]
    arg [-L/nix/store/9m0k71s1ddhsp5l84wlpk9yhcmh5n1wx-gcc-10.3.0/lib64/gcc/x86_64-unknown-linux-gnu/10.3.0/../../../../lib64] ==> dir [/nix/store/9m0k71s1ddhsp5l84wlpk9yhcmh5n1wx-gcc-10.3.0/lib64/gcc/x86_64-unknown-linux-gnu/10.3.0/../../../../lib64]
    arg [-L/nix/store/1sl0bapdj660pjqz65d0v7pz92qgs8jr-clang-13.0.0/bin/../lib] ==> dir [/nix/store/1sl0bapdj660pjqz65d0v7pz92qgs8jr-clang-13.0.0/bin/../lib]
    arg [-dynamic-linker=/nix/store/saw6nkqqqfx5xm1h5cpk7gxnxmw9wk47-glibc-2.33-62/lib/ld-linux-x86-64.so.2] ==> ignore
    arg [CMakeFiles/cmTC_71609.dir/CMakeCCompilerABI.c.o] ==> ignore
    arg [-rpath] ==> ignore
    arg [/home/cory/Code/replacer/outputs/out/lib64] ==> ignore
    arg [-rpath] ==> ignore
    arg [/home/cory/Code/replacer/outputs/out/lib] ==> ignore
    arg [-lgcc] ==> lib [gcc]
    arg [--as-needed] ==> ignore
    arg [-lgcc_s] ==> lib [gcc_s]
    arg [--no-as-needed] ==> ignore
    arg [-lc] ==> lib [c]
    arg [-lgcc] ==> lib [gcc]
    arg [--as-needed] ==> ignore
    arg [-lgcc_s] ==> lib [gcc_s]
    arg [--no-as-needed] ==> ignore
    arg [/nix/store/9m0k71s1ddhsp5l84wlpk9yhcmh5n1wx-gcc-10.3.0/lib/gcc/x86_64-unknown-linux-gnu/10.3.0/crtend.o] ==> obj [/nix/store/9m0k71s1ddhsp5l84wlpk9yhcmh5n1wx-gcc-10.3.0/lib/gcc/x86_64-unknown-linux-gnu/10.3.0/crtend.o]
    arg [/nix/store/saw6nkqqqfx5xm1h5cpk7gxnxmw9wk47-glibc-2.33-62/lib/crtn.o] ==> obj [/nix/store/saw6nkqqqfx5xm1h5cpk7gxnxmw9wk47-glibc-2.33-62/lib/crtn.o]
  collapse library dir [/nix/store/kl98ld46xnbzxp3s90fyw8rh3hlzky34-lldb-13.0.0-lib/lib] ==> [/nix/store/kl98ld46xnbzxp3s90fyw8rh3hlzky34-lldb-13.0.0-lib/lib]
  collapse library dir [/nix/store/kl98ld46xnbzxp3s90fyw8rh3hlzky34-lldb-13.0.0-lib/lib] ==> [/nix/store/kl98ld46xnbzxp3s90fyw8rh3hlzky34-lldb-13.0.0-lib/lib]
  collapse library dir [/nix/store/vflf3skrxxiv6zb4qyklyah60y9k82w3-gtest-1.11.0/lib] ==> [/nix/store/vflf3skrxxiv6zb4qyklyah60y9k82w3-gtest-1.11.0/lib]
  collapse library dir [/nix/store/vflf3skrxxiv6zb4qyklyah60y9k82w3-gtest-1.11.0/lib] ==> [/nix/store/vflf3skrxxiv6zb4qyklyah60y9k82w3-gtest-1.11.0/lib]
  collapse library dir [/nix/store/y332ks5b6xbihvhchs84lq36na9bf4rf-ncurses-6.3/lib] ==> [/nix/store/y332ks5b6xbihvhchs84lq36na9bf4rf-ncurses-6.3/lib]
  collapse library dir [/nix/store/y332ks5b6xbihvhchs84lq36na9bf4rf-ncurses-6.3/lib] ==> [/nix/store/y332ks5b6xbihvhchs84lq36na9bf4rf-ncurses-6.3/lib]
  collapse library dir [/nix/store/iz8ggy955lmwwp0r4aw7wk0dmp1x6sma-libcxx-13.0.0/lib] ==> [/nix/store/iz8ggy955lmwwp0r4aw7wk0dmp1x6sma-libcxx-13.0.0/lib]
  collapse library dir [/nix/store/iz8ggy955lmwwp0r4aw7wk0dmp1x6sma-libcxx-13.0.0/lib] ==> [/nix/store/iz8ggy955lmwwp0r4aw7wk0dmp1x6sma-libcxx-13.0.0/lib]
  collapse library dir [/nix/store/kl98ld46xnbzxp3s90fyw8rh3hlzky34-lldb-13.0.0-lib/lib] ==> [/nix/store/kl98ld46xnbzxp3s90fyw8rh3hlzky34-lldb-13.0.0-lib/lib]
  collapse library dir [/nix/store/kl98ld46xnbzxp3s90fyw8rh3hlzky34-lldb-13.0.0-lib/lib] ==> [/nix/store/kl98ld46xnbzxp3s90fyw8rh3hlzky34-lldb-13.0.0-lib/lib]
  collapse library dir [/nix/store/vflf3skrxxiv6zb4qyklyah60y9k82w3-gtest-1.11.0/lib] ==> [/nix/store/vflf3skrxxiv6zb4qyklyah60y9k82w3-gtest-1.11.0/lib]
  collapse library dir [/nix/store/vflf3skrxxiv6zb4qyklyah60y9k82w3-gtest-1.11.0/lib] ==> [/nix/store/vflf3skrxxiv6zb4qyklyah60y9k82w3-gtest-1.11.0/lib]
  collapse library dir [/nix/store/y332ks5b6xbihvhchs84lq36na9bf4rf-ncurses-6.3/lib] ==> [/nix/store/y332ks5b6xbihvhchs84lq36na9bf4rf-ncurses-6.3/lib]
  collapse library dir [/nix/store/y332ks5b6xbihvhchs84lq36na9bf4rf-ncurses-6.3/lib] ==> [/nix/store/y332ks5b6xbihvhchs84lq36na9bf4rf-ncurses-6.3/lib]
  collapse library dir [/nix/store/iz8ggy955lmwwp0r4aw7wk0dmp1x6sma-libcxx-13.0.0/lib] ==> [/nix/store/iz8ggy955lmwwp0r4aw7wk0dmp1x6sma-libcxx-13.0.0/lib]
  collapse library dir [/nix/store/iz8ggy955lmwwp0r4aw7wk0dmp1x6sma-libcxx-13.0.0/lib] ==> [/nix/store/iz8ggy955lmwwp0r4aw7wk0dmp1x6sma-libcxx-13.0.0/lib]
  collapse library dir [/nix/store/saw6nkqqqfx5xm1h5cpk7gxnxmw9wk47-glibc-2.33-62/lib] ==> [/nix/store/saw6nkqqqfx5xm1h5cpk7gxnxmw9wk47-glibc-2.33-62/lib]
  collapse library dir [/nix/store/9m0k71s1ddhsp5l84wlpk9yhcmh5n1wx-gcc-10.3.0/lib/gcc/x86_64-unknown-linux-gnu/10.3.0] ==> [/nix/store/9m0k71s1ddhsp5l84wlpk9yhcmh5n1wx-gcc-10.3.0/lib/gcc/x86_64-unknown-linux-gnu/10.3.0]
  collapse library dir [/nix/store/x17b1wq871r4ycrxyy1n85ja09dxq3ih-gcc-10.3.0-lib/x86_64-unknown-linux-gnu/lib] ==> [/nix/store/x17b1wq871r4ycrxyy1n85ja09dxq3ih-gcc-10.3.0-lib/x86_64-unknown-linux-gnu/lib]
  collapse library dir [/nix/store/7q0lgfz6xvbswwr1p99ymsdsimq06dpk-clang-13.0.0-lib/lib] ==> [/nix/store/7q0lgfz6xvbswwr1p99ymsdsimq06dpk-clang-13.0.0-lib/lib]
  collapse library dir [/nix/store/9m0k71s1ddhsp5l84wlpk9yhcmh5n1wx-gcc-10.3.0/lib64/gcc/x86_64-unknown-linux-gnu/10.3.0] ==> [/nix/store/9m0k71s1ddhsp5l84wlpk9yhcmh5n1wx-gcc-10.3.0/lib64/gcc/x86_64-unknown-linux-gnu/10.3.0]
  collapse library dir [/nix/store/9m0k71s1ddhsp5l84wlpk9yhcmh5n1wx-gcc-10.3.0/lib64/gcc/x86_64-unknown-linux-gnu/10.3.0/../../../../lib64] ==> [/nix/store/9m0k71s1ddhsp5l84wlpk9yhcmh5n1wx-gcc-10.3.0/lib64]
  collapse library dir [/nix/store/1sl0bapdj660pjqz65d0v7pz92qgs8jr-clang-13.0.0/bin/../lib] ==> [/nix/store/1sl0bapdj660pjqz65d0v7pz92qgs8jr-clang-13.0.0/lib]
  implicit libs: [gcc;gcc_s;c;gcc;gcc_s]
  implicit objs: [/nix/store/saw6nkqqqfx5xm1h5cpk7gxnxmw9wk47-glibc-2.33-62/lib/crt1.o;/nix/store/saw6nkqqqfx5xm1h5cpk7gxnxmw9wk47-glibc-2.33-62/lib/crti.o;/nix/store/9m0k71s1ddhsp5l84wlpk9yhcmh5n1wx-gcc-10.3.0/lib/gcc/x86_64-unknown-linux-gnu/10.3.0/crtbegin.o;/nix/store/9m0k71s1ddhsp5l84wlpk9yhcmh5n1wx-gcc-10.3.0/lib/gcc/x86_64-unknown-linux-gnu/10.3.0/crtend.o;/nix/store/saw6nkqqqfx5xm1h5cpk7gxnxmw9wk47-glibc-2.33-62/lib/crtn.o]
  implicit dirs: [/nix/store/kl98ld46xnbzxp3s90fyw8rh3hlzky34-lldb-13.0.0-lib/lib;/nix/store/vflf3skrxxiv6zb4qyklyah60y9k82w3-gtest-1.11.0/lib;/nix/store/y332ks5b6xbihvhchs84lq36na9bf4rf-ncurses-6.3/lib;/nix/store/iz8ggy955lmwwp0r4aw7wk0dmp1x6sma-libcxx-13.0.0/lib;/nix/store/saw6nkqqqfx5xm1h5cpk7gxnxmw9wk47-glibc-2.33-62/lib;/nix/store/9m0k71s1ddhsp5l84wlpk9yhcmh5n1wx-gcc-10.3.0/lib/gcc/x86_64-unknown-linux-gnu/10.3.0;/nix/store/x17b1wq871r4ycrxyy1n85ja09dxq3ih-gcc-10.3.0-lib/x86_64-unknown-linux-gnu/lib;/nix/store/7q0lgfz6xvbswwr1p99ymsdsimq06dpk-clang-13.0.0-lib/lib;/nix/store/9m0k71s1ddhsp5l84wlpk9yhcmh5n1wx-gcc-10.3.0/lib64/gcc/x86_64-unknown-linux-gnu/10.3.0;/nix/store/9m0k71s1ddhsp5l84wlpk9yhcmh5n1wx-gcc-10.3.0/lib64;/nix/store/1sl0bapdj660pjqz65d0v7pz92qgs8jr-clang-13.0.0/lib]
  implicit fwks: []


Detecting CXX compiler ABI info compiled with the following output:
Change Dir: /home/cory/Code/replacer/build/CMakeFiles/CMakeTmp

Run Build Command(s):/nix/store/x0mjfrxqxil8kkgzf29y2wj2wa6mcn87-gnumake-4.3/bin/make -f Makefile cmTC_78f27/fast && /nix/store/x0mjfrxqxil8kkgzf29y2wj2wa6mcn87-gnumake-4.3/bin/make  -f CMakeFiles/cmTC_78f27.dir/build.make CMakeFiles/cmTC_78f27.dir/build
make[1]: Entering directory '/home/cory/Code/replacer/build/CMakeFiles/CMakeTmp'
Building CXX object CMakeFiles/cmTC_78f27.dir/CMakeCXXCompilerABI.cpp.o
/nix/store/jdnmdqrrjphi8n85d9d8im9ym30dkd68-clang-wrapper-13.0.0/bin/clang++   -v -std=gnu++20 -MD -MT CMakeFiles/cmTC_78f27.dir/CMakeCXXCompilerABI.cpp.o -MF CMakeFiles/cmTC_78f27.dir/CMakeCXXCompilerABI.cpp.o.d -o CMakeFiles/cmTC_78f27.dir/CMakeCXXCompilerABI.cpp.o -c /nix/store/pki50w5yhmdpgmn52iipv38yh4ydqhm7-cmake-3.22.1/share/cmake-3.22/Modules/CMakeCXXCompilerABI.cpp
clang version 13.0.0
Target: x86_64-unknown-linux-gnu
Thread model: posix
InstalledDir: /nix/store/1sl0bapdj660pjqz65d0v7pz92qgs8jr-clang-13.0.0/bin
Found candidate GCC installation: /nix/store/9m0k71s1ddhsp5l84wlpk9yhcmh5n1wx-gcc-10.3.0/lib/gcc/x86_64-unknown-linux-gnu/10.3.0
Found candidate GCC installation: /nix/store/9m0k71s1ddhsp5l84wlpk9yhcmh5n1wx-gcc-10.3.0/lib64/gcc/x86_64-unknown-linux-gnu/10.3.0
Selected GCC installation: /nix/store/9m0k71s1ddhsp5l84wlpk9yhcmh5n1wx-gcc-10.3.0/lib64/gcc/x86_64-unknown-linux-gnu/10.3.0
Candidate multilib: .;@m64
Selected multilib: .;@m64
 (in-process)
 "/nix/store/1sl0bapdj660pjqz65d0v7pz92qgs8jr-clang-13.0.0/bin/clang-13" -cc1 -triple x86_64-unknown-linux-gnu -emit-obj --mrelax-relocations -disable-free -disable-llvm-verifier -discard-value-names -main-file-name CMakeCXXCompilerABI.cpp -mrelocation-model pic -pic-level 2 -fhalf-no-semantic-interposition -mframe-pointer=none -fmath-errno -fno-rounding-math -mconstructor-aliases -munwind-tables -target-cpu x86-64 -tune-cpu generic -debugger-tuning=gdb -v -fcoverage-compilation-dir=/home/cory/Code/replacer/build/CMakeFiles/CMakeTmp -nostdsysteminc -resource-dir /nix/store/jdnmdqrrjphi8n85d9d8im9ym30dkd68-clang-wrapper-13.0.0/resource-root -dependency-file CMakeFiles/cmTC_78f27.dir/CMakeCXXCompilerABI.cpp.o.d -MT CMakeFiles/cmTC_78f27.dir/CMakeCXXCompilerABI.cpp.o -sys-header-deps -idirafter /nix/store/93z3gj6kl0qvdm1mzwb5vaxlz7i481lz-glibc-2.33-62-dev/include -isystem /nix/store/xivp8121sc24ww00jl0l1zdjqd4yq8pw-lldb-13.0.0-dev/include -isystem /nix/store/xivp8121sc24ww00jl0l1zdjqd4yq8pw-lldb-13.0.0-dev/include -isystem /nix/store/bzz1ikj6a71snxpvr5hv57gsvb8yn0xl-gtest-1.11.0-dev/include -isystem /nix/store/bzz1ikj6a71snxpvr5hv57gsvb8yn0xl-gtest-1.11.0-dev/include -isystem /nix/store/03aqjxlvv0zhnzai2c1vxj63sd4v0v2k-ncurses-6.3-dev/include -isystem /nix/store/03aqjxlvv0zhnzai2c1vxj63sd4v0v2k-ncurses-6.3-dev/include -isystem /nix/store/fxzhmc5zgws2la9c21p577m8hmzbjisb-compiler-rt-libc-13.0.0-dev/include -isystem /nix/store/fxzhmc5zgws2la9c21p577m8hmzbjisb-compiler-rt-libc-13.0.0-dev/include -isystem /nix/store/6kcmnjb8gjl4mg1ssjwwg8agw3di6dmd-libcxx-13.0.0-dev/include -isystem /nix/store/6kcmnjb8gjl4mg1ssjwwg8agw3di6dmd-libcxx-13.0.0-dev/include -isystem /nix/store/xivp8121sc24ww00jl0l1zdjqd4yq8pw-lldb-13.0.0-dev/include -isystem /nix/store/xivp8121sc24ww00jl0l1zdjqd4yq8pw-lldb-13.0.0-dev/include -isystem /nix/store/bzz1ikj6a71snxpvr5hv57gsvb8yn0xl-gtest-1.11.0-dev/include -isystem /nix/store/bzz1ikj6a71snxpvr5hv57gsvb8yn0xl-gtest-1.11.0-dev/include -isystem /nix/store/03aqjxlvv0zhnzai2c1vxj63sd4v0v2k-ncurses-6.3-dev/include -isystem /nix/store/03aqjxlvv0zhnzai2c1vxj63sd4v0v2k-ncurses-6.3-dev/include -isystem /nix/store/fxzhmc5zgws2la9c21p577m8hmzbjisb-compiler-rt-libc-13.0.0-dev/include -isystem /nix/store/fxzhmc5zgws2la9c21p577m8hmzbjisb-compiler-rt-libc-13.0.0-dev/include -isystem /nix/store/6kcmnjb8gjl4mg1ssjwwg8agw3di6dmd-libcxx-13.0.0-dev/include -isystem /nix/store/6kcmnjb8gjl4mg1ssjwwg8agw3di6dmd-libcxx-13.0.0-dev/include -isystem /nix/store/9m0k71s1ddhsp5l84wlpk9yhcmh5n1wx-gcc-10.3.0/include/c++/10.3.0 -isystem /nix/store/9m0k71s1ddhsp5l84wlpk9yhcmh5n1wx-gcc-10.3.0/include/c++/10.3.0/x86_64-unknown-linux-gnu -D _FORTIFY_SOURCE=2 -I/nix/store/6kcmnjb8gjl4mg1ssjwwg8agw3di6dmd-libcxx-13.0.0-dev/include -I/nix/store/jdnmdqrrjphi8n85d9d8im9ym30dkd68-clang-wrapper-13.0.0/resource-root/include -internal-isystem /nix/store/9m0k71s1ddhsp5l84wlpk9yhcmh5n1wx-gcc-10.3.0/lib64/gcc/x86_64-unknown-linux-gnu/10.3.0/../../../../include/c++/10.3.0 -internal-isystem /nix/store/9m0k71s1ddhsp5l84wlpk9yhcmh5n1wx-gcc-10.3.0/lib64/gcc/x86_64-unknown-linux-gnu/10.3.0/../../../../include/c++/10.3.0/x86_64-unknown-linux-gnu -internal-isystem /nix/store/9m0k71s1ddhsp5l84wlpk9yhcmh5n1wx-gcc-10.3.0/lib64/gcc/x86_64-unknown-linux-gnu/10.3.0/../../../../include/c++/10.3.0/backward -internal-isystem /nix/store/jdnmdqrrjphi8n85d9d8im9ym30dkd68-clang-wrapper-13.0.0/resource-root/include -O2 -Wformat -Wformat-security -Werror=format-security -std=gnu++20 -fdeprecated-macro -fdebug-compilation-dir=/home/cory/Code/replacer/build/CMakeFiles/CMakeTmp -ferror-limit 19 -fwrapv -stack-protector 2 -stack-protector-buffer-size 4 -fgnuc-version=4.2.1 -fcxx-exceptions -fexceptions -vectorize-loops -vectorize-slp -faddrsig -D__GCC_HAVE_DWARF2_CFI_ASM=1 -o CMakeFiles/cmTC_78f27.dir/CMakeCXXCompilerABI.cpp.o -x c++ /nix/store/pki50w5yhmdpgmn52iipv38yh4ydqhm7-cmake-3.22.1/share/cmake-3.22/Modules/CMakeCXXCompilerABI.cpp
clang -cc1 version 13.0.0 based upon LLVM 13.0.0 default target x86_64-unknown-linux-gnu
ignoring duplicate directory "/nix/store/xivp8121sc24ww00jl0l1zdjqd4yq8pw-lldb-13.0.0-dev/include"
ignoring duplicate directory "/nix/store/bzz1ikj6a71snxpvr5hv57gsvb8yn0xl-gtest-1.11.0-dev/include"
ignoring duplicate directory "/nix/store/03aqjxlvv0zhnzai2c1vxj63sd4v0v2k-ncurses-6.3-dev/include"
ignoring duplicate directory "/nix/store/fxzhmc5zgws2la9c21p577m8hmzbjisb-compiler-rt-libc-13.0.0-dev/include"
ignoring duplicate directory "/nix/store/6kcmnjb8gjl4mg1ssjwwg8agw3di6dmd-libcxx-13.0.0-dev/include"
  as it is a non-system directory that duplicates a system directory
ignoring duplicate directory "/nix/store/6kcmnjb8gjl4mg1ssjwwg8agw3di6dmd-libcxx-13.0.0-dev/include"
ignoring duplicate directory "/nix/store/xivp8121sc24ww00jl0l1zdjqd4yq8pw-lldb-13.0.0-dev/include"
ignoring duplicate directory "/nix/store/xivp8121sc24ww00jl0l1zdjqd4yq8pw-lldb-13.0.0-dev/include"
ignoring duplicate directory "/nix/store/bzz1ikj6a71snxpvr5hv57gsvb8yn0xl-gtest-1.11.0-dev/include"
ignoring duplicate directory "/nix/store/bzz1ikj6a71snxpvr5hv57gsvb8yn0xl-gtest-1.11.0-dev/include"
ignoring duplicate directory "/nix/store/03aqjxlvv0zhnzai2c1vxj63sd4v0v2k-ncurses-6.3-dev/include"
ignoring duplicate directory "/nix/store/03aqjxlvv0zhnzai2c1vxj63sd4v0v2k-ncurses-6.3-dev/include"
ignoring duplicate directory "/nix/store/fxzhmc5zgws2la9c21p577m8hmzbjisb-compiler-rt-libc-13.0.0-dev/include"
ignoring duplicate directory "/nix/store/fxzhmc5zgws2la9c21p577m8hmzbjisb-compiler-rt-libc-13.0.0-dev/include"
ignoring duplicate directory "/nix/store/6kcmnjb8gjl4mg1ssjwwg8agw3di6dmd-libcxx-13.0.0-dev/include"
ignoring duplicate directory "/nix/store/6kcmnjb8gjl4mg1ssjwwg8agw3di6dmd-libcxx-13.0.0-dev/include"
ignoring duplicate directory "/nix/store/9m0k71s1ddhsp5l84wlpk9yhcmh5n1wx-gcc-10.3.0/include/c++/10.3.0"
ignoring duplicate directory "/nix/store/9m0k71s1ddhsp5l84wlpk9yhcmh5n1wx-gcc-10.3.0/include/c++/10.3.0/x86_64-unknown-linux-gnu"
ignoring duplicate directory "/nix/store/jdnmdqrrjphi8n85d9d8im9ym30dkd68-clang-wrapper-13.0.0/resource-root/include"
  as it is a non-system directory that duplicates a system directory
#include "..." search starts here:
#include <...> search starts here:
 /nix/store/xivp8121sc24ww00jl0l1zdjqd4yq8pw-lldb-13.0.0-dev/include
 /nix/store/bzz1ikj6a71snxpvr5hv57gsvb8yn0xl-gtest-1.11.0-dev/include
 /nix/store/03aqjxlvv0zhnzai2c1vxj63sd4v0v2k-ncurses-6.3-dev/include
 /nix/store/fxzhmc5zgws2la9c21p577m8hmzbjisb-compiler-rt-libc-13.0.0-dev/include
 /nix/store/6kcmnjb8gjl4mg1ssjwwg8agw3di6dmd-libcxx-13.0.0-dev/include
 /nix/store/9m0k71s1ddhsp5l84wlpk9yhcmh5n1wx-gcc-10.3.0/include/c++/10.3.0
 /nix/store/9m0k71s1ddhsp5l84wlpk9yhcmh5n1wx-gcc-10.3.0/include/c++/10.3.0/x86_64-unknown-linux-gnu
 /nix/store/9m0k71s1ddhsp5l84wlpk9yhcmh5n1wx-gcc-10.3.0/lib64/gcc/x86_64-unknown-linux-gnu/10.3.0/../../../../include/c++/10.3.0/backward
 /nix/store/jdnmdqrrjphi8n85d9d8im9ym30dkd68-clang-wrapper-13.0.0/resource-root/include
 /nix/store/93z3gj6kl0qvdm1mzwb5vaxlz7i481lz-glibc-2.33-62-dev/include
End of search list.
Linking CXX executable cmTC_78f27
/nix/store/pki50w5yhmdpgmn52iipv38yh4ydqhm7-cmake-3.22.1/bin/cmake -E cmake_link_script CMakeFiles/cmTC_78f27.dir/link.txt --verbose=1
/nix/store/jdnmdqrrjphi8n85d9d8im9ym30dkd68-clang-wrapper-13.0.0/bin/clang++  -v CMakeFiles/cmTC_78f27.dir/CMakeCXXCompilerABI.cpp.o -o cmTC_78f27 
clang version 13.0.0
Target: x86_64-unknown-linux-gnu
Thread model: posix
InstalledDir: /nix/store/1sl0bapdj660pjqz65d0v7pz92qgs8jr-clang-13.0.0/bin
Found candidate GCC installation: /nix/store/9m0k71s1ddhsp5l84wlpk9yhcmh5n1wx-gcc-10.3.0/lib/gcc/x86_64-unknown-linux-gnu/10.3.0
Found candidate GCC installation: /nix/store/9m0k71s1ddhsp5l84wlpk9yhcmh5n1wx-gcc-10.3.0/lib64/gcc/x86_64-unknown-linux-gnu/10.3.0
Selected GCC installation: /nix/store/9m0k71s1ddhsp5l84wlpk9yhcmh5n1wx-gcc-10.3.0/lib64/gcc/x86_64-unknown-linux-gnu/10.3.0
Candidate multilib: .;@m64
Selected multilib: .;@m64
 "/nix/store/jdnmdqrrjphi8n85d9d8im9ym30dkd68-clang-wrapper-13.0.0/bin/ld" --eh-frame-hdr -m elf_x86_64 -o cmTC_78f27 /nix/store/saw6nkqqqfx5xm1h5cpk7gxnxmw9wk47-glibc-2.33-62/lib/crt1.o /nix/store/saw6nkqqqfx5xm1h5cpk7gxnxmw9wk47-glibc-2.33-62/lib/crti.o /nix/store/9m0k71s1ddhsp5l84wlpk9yhcmh5n1wx-gcc-10.3.0/lib/gcc/x86_64-unknown-linux-gnu/10.3.0/crtbegin.o -L/nix/store/kl98ld46xnbzxp3s90fyw8rh3hlzky34-lldb-13.0.0-lib/lib -L/nix/store/kl98ld46xnbzxp3s90fyw8rh3hlzky34-lldb-13.0.0-lib/lib -L/nix/store/vflf3skrxxiv6zb4qyklyah60y9k82w3-gtest-1.11.0/lib -L/nix/store/vflf3skrxxiv6zb4qyklyah60y9k82w3-gtest-1.11.0/lib -L/nix/store/y332ks5b6xbihvhchs84lq36na9bf4rf-ncurses-6.3/lib -L/nix/store/y332ks5b6xbihvhchs84lq36na9bf4rf-ncurses-6.3/lib -L/nix/store/iz8ggy955lmwwp0r4aw7wk0dmp1x6sma-libcxx-13.0.0/lib -L/nix/store/iz8ggy955lmwwp0r4aw7wk0dmp1x6sma-libcxx-13.0.0/lib -L/nix/store/kl98ld46xnbzxp3s90fyw8rh3hlzky34-lldb-13.0.0-lib/lib -L/nix/store/kl98ld46xnbzxp3s90fyw8rh3hlzky34-lldb-13.0.0-lib/lib -L/nix/store/vflf3skrxxiv6zb4qyklyah60y9k82w3-gtest-1.11.0/lib -L/nix/store/vflf3skrxxiv6zb4qyklyah60y9k82w3-gtest-1.11.0/lib -L/nix/store/y332ks5b6xbihvhchs84lq36na9bf4rf-ncurses-6.3/lib -L/nix/store/y332ks5b6xbihvhchs84lq36na9bf4rf-ncurses-6.3/lib -L/nix/store/iz8ggy955lmwwp0r4aw7wk0dmp1x6sma-libcxx-13.0.0/lib -L/nix/store/iz8ggy955lmwwp0r4aw7wk0dmp1x6sma-libcxx-13.0.0/lib -L/nix/store/saw6nkqqqfx5xm1h5cpk7gxnxmw9wk47-glibc-2.33-62/lib -L/nix/store/9m0k71s1ddhsp5l84wlpk9yhcmh5n1wx-gcc-10.3.0/lib/gcc/x86_64-unknown-linux-gnu/10.3.0 -L/nix/store/x17b1wq871r4ycrxyy1n85ja09dxq3ih-gcc-10.3.0-lib/x86_64-unknown-linux-gnu/lib -L/nix/store/7q0lgfz6xvbswwr1p99ymsdsimq06dpk-clang-13.0.0-lib/lib -L/nix/store/9m0k71s1ddhsp5l84wlpk9yhcmh5n1wx-gcc-10.3.0/lib64/gcc/x86_64-unknown-linux-gnu/10.3.0 -L/nix/store/9m0k71s1ddhsp5l84wlpk9yhcmh5n1wx-gcc-10.3.0/lib64/gcc/x86_64-unknown-linux-gnu/10.3.0/../../../../lib64 -L/nix/store/1sl0bapdj660pjqz65d0v7pz92qgs8jr-clang-13.0.0/bin/../lib -dynamic-linker=/nix/store/saw6nkqqqfx5xm1h5cpk7gxnxmw9wk47-glibc-2.33-62/lib/ld-linux-x86-64.so.2 CMakeFiles/cmTC_78f27.dir/CMakeCXXCompilerABI.cpp.o -rpath /home/cory/Code/replacer/outputs/out/lib64 -rpath /home/cory/Code/replacer/outputs/out/lib -lstdc++ -lm -lgcc_s -lgcc -lc -lgcc_s -lgcc /nix/store/9m0k71s1ddhsp5l84wlpk9yhcmh5n1wx-gcc-10.3.0/lib/gcc/x86_64-unknown-linux-gnu/10.3.0/crtend.o /nix/store/saw6nkqqqfx5xm1h5cpk7gxnxmw9wk47-glibc-2.33-62/lib/crtn.o
make[1]: Leaving directory '/home/cory/Code/replacer/build/CMakeFiles/CMakeTmp'



Parsed CXX implicit include dir info from above output: rv=done
  found start of include info
  found start of implicit include info
    add: [/nix/store/xivp8121sc24ww00jl0l1zdjqd4yq8pw-lldb-13.0.0-dev/include]
    add: [/nix/store/bzz1ikj6a71snxpvr5hv57gsvb8yn0xl-gtest-1.11.0-dev/include]
    add: [/nix/store/03aqjxlvv0zhnzai2c1vxj63sd4v0v2k-ncurses-6.3-dev/include]
    add: [/nix/store/fxzhmc5zgws2la9c21p577m8hmzbjisb-compiler-rt-libc-13.0.0-dev/include]
    add: [/nix/store/6kcmnjb8gjl4mg1ssjwwg8agw3di6dmd-libcxx-13.0.0-dev/include]
    add: [/nix/store/9m0k71s1ddhsp5l84wlpk9yhcmh5n1wx-gcc-10.3.0/include/c++/10.3.0]
    add: [/nix/store/9m0k71s1ddhsp5l84wlpk9yhcmh5n1wx-gcc-10.3.0/include/c++/10.3.0/x86_64-unknown-linux-gnu]
    add: [/nix/store/9m0k71s1ddhsp5l84wlpk9yhcmh5n1wx-gcc-10.3.0/lib64/gcc/x86_64-unknown-linux-gnu/10.3.0/../../../../include/c++/10.3.0/backward]
    add: [/nix/store/jdnmdqrrjphi8n85d9d8im9ym30dkd68-clang-wrapper-13.0.0/resource-root/include]
    add: [/nix/store/93z3gj6kl0qvdm1mzwb5vaxlz7i481lz-glibc-2.33-62-dev/include]
  end of search list found
  collapse include dir [/nix/store/xivp8121sc24ww00jl0l1zdjqd4yq8pw-lldb-13.0.0-dev/include] ==> [/nix/store/xivp8121sc24ww00jl0l1zdjqd4yq8pw-lldb-13.0.0-dev/include]
  collapse include dir [/nix/store/bzz1ikj6a71snxpvr5hv57gsvb8yn0xl-gtest-1.11.0-dev/include] ==> [/nix/store/bzz1ikj6a71snxpvr5hv57gsvb8yn0xl-gtest-1.11.0-dev/include]
  collapse include dir [/nix/store/03aqjxlvv0zhnzai2c1vxj63sd4v0v2k-ncurses-6.3-dev/include] ==> [/nix/store/03aqjxlvv0zhnzai2c1vxj63sd4v0v2k-ncurses-6.3-dev/include]
  collapse include dir [/nix/store/fxzhmc5zgws2la9c21p577m8hmzbjisb-compiler-rt-libc-13.0.0-dev/include] ==> [/nix/store/fxzhmc5zgws2la9c21p577m8hmzbjisb-compiler-rt-libc-13.0.0-dev/include]
  collapse include dir [/nix/store/6kcmnjb8gjl4mg1ssjwwg8agw3di6dmd-libcxx-13.0.0-dev/include] ==> [/nix/store/6kcmnjb8gjl4mg1ssjwwg8agw3di6dmd-libcxx-13.0.0-dev/include]
  collapse include dir [/nix/store/9m0k71s1ddhsp5l84wlpk9yhcmh5n1wx-gcc-10.3.0/include/c++/10.3.0] ==> [/nix/store/9m0k71s1ddhsp5l84wlpk9yhcmh5n1wx-gcc-10.3.0/include/c++/10.3.0]
  collapse include dir [/nix/store/9m0k71s1ddhsp5l84wlpk9yhcmh5n1wx-gcc-10.3.0/include/c++/10.3.0/x86_64-unknown-linux-gnu] ==> [/nix/store/9m0k71s1ddhsp5l84wlpk9yhcmh5n1wx-gcc-10.3.0/include/c++/10.3.0/x86_64-unknown-linux-gnu]
  collapse include dir [/nix/store/9m0k71s1ddhsp5l84wlpk9yhcmh5n1wx-gcc-10.3.0/lib64/gcc/x86_64-unknown-linux-gnu/10.3.0/../../../../include/c++/10.3.0/backward] ==> [/nix/store/9m0k71s1ddhsp5l84wlpk9yhcmh5n1wx-gcc-10.3.0/include/c++/10.3.0/backward]
  collapse include dir [/nix/store/jdnmdqrrjphi8n85d9d8im9ym30dkd68-clang-wrapper-13.0.0/resource-root/include] ==> [/nix/store/jdnmdqrrjphi8n85d9d8im9ym30dkd68-clang-wrapper-13.0.0/resource-root/include]
  collapse include dir [/nix/store/93z3gj6kl0qvdm1mzwb5vaxlz7i481lz-glibc-2.33-62-dev/include] ==> [/nix/store/93z3gj6kl0qvdm1mzwb5vaxlz7i481lz-glibc-2.33-62-dev/include]
  implicit include dirs: [/nix/store/xivp8121sc24ww00jl0l1zdjqd4yq8pw-lldb-13.0.0-dev/include;/nix/store/bzz1ikj6a71snxpvr5hv57gsvb8yn0xl-gtest-1.11.0-dev/include;/nix/store/03aqjxlvv0zhnzai2c1vxj63sd4v0v2k-ncurses-6.3-dev/include;/nix/store/fxzhmc5zgws2la9c21p577m8hmzbjisb-compiler-rt-libc-13.0.0-dev/include;/nix/store/6kcmnjb8gjl4mg1ssjwwg8agw3di6dmd-libcxx-13.0.0-dev/include;/nix/store/9m0k71s1ddhsp5l84wlpk9yhcmh5n1wx-gcc-10.3.0/include/c++/10.3.0;/nix/store/9m0k71s1ddhsp5l84wlpk9yhcmh5n1wx-gcc-10.3.0/include/c++/10.3.0/x86_64-unknown-linux-gnu;/nix/store/9m0k71s1ddhsp5l84wlpk9yhcmh5n1wx-gcc-10.3.0/include/c++/10.3.0/backward;/nix/store/jdnmdqrrjphi8n85d9d8im9ym30dkd68-clang-wrapper-13.0.0/resource-root/include;/nix/store/93z3gj6kl0qvdm1mzwb5vaxlz7i481lz-glibc-2.33-62-dev/include]


Parsed CXX implicit link information from above output:
  link line regex: [^( *|.*[/\])(ld|CMAKE_LINK_STARTFILE-NOTFOUND|([^/\]+-)?ld|collect2)[^/\]*( |$)]
  ignore line: [Change Dir: /home/cory/Code/replacer/build/CMakeFiles/CMakeTmp]
  ignore line: []
  ignore line: [Run Build Command(s):/nix/store/x0mjfrxqxil8kkgzf29y2wj2wa6mcn87-gnumake-4.3/bin/make -f Makefile cmTC_78f27/fast && /nix/store/x0mjfrxqxil8kkgzf29y2wj2wa6mcn87-gnumake-4.3/bin/make  -f CMakeFiles/cmTC_78f27.dir/build.make CMakeFiles/cmTC_78f27.dir/build]
  ignore line: [make[1]: Entering directory '/home/cory/Code/replacer/build/CMakeFiles/CMakeTmp']
  ignore line: [Building CXX object CMakeFiles/cmTC_78f27.dir/CMakeCXXCompilerABI.cpp.o]
  ignore line: [/nix/store/jdnmdqrrjphi8n85d9d8im9ym30dkd68-clang-wrapper-13.0.0/bin/clang++   -v -std=gnu++20 -MD -MT CMakeFiles/cmTC_78f27.dir/CMakeCXXCompilerABI.cpp.o -MF CMakeFiles/cmTC_78f27.dir/CMakeCXXCompilerABI.cpp.o.d -o CMakeFiles/cmTC_78f27.dir/CMakeCXXCompilerABI.cpp.o -c /nix/store/pki50w5yhmdpgmn52iipv38yh4ydqhm7-cmake-3.22.1/share/cmake-3.22/Modules/CMakeCXXCompilerABI.cpp]
  ignore line: [clang version 13.0.0]
  ignore line: [Target: x86_64-unknown-linux-gnu]
  ignore line: [Thread model: posix]
  ignore line: [InstalledDir: /nix/store/1sl0bapdj660pjqz65d0v7pz92qgs8jr-clang-13.0.0/bin]
  ignore line: [Found candidate GCC installation: /nix/store/9m0k71s1ddhsp5l84wlpk9yhcmh5n1wx-gcc-10.3.0/lib/gcc/x86_64-unknown-linux-gnu/10.3.0]
  ignore line: [Found candidate GCC installation: /nix/store/9m0k71s1ddhsp5l84wlpk9yhcmh5n1wx-gcc-10.3.0/lib64/gcc/x86_64-unknown-linux-gnu/10.3.0]
  ignore line: [Selected GCC installation: /nix/store/9m0k71s1ddhsp5l84wlpk9yhcmh5n1wx-gcc-10.3.0/lib64/gcc/x86_64-unknown-linux-gnu/10.3.0]
  ignore line: [Candidate multilib: .]
  ignore line: [@m64]
  ignore line: [Selected multilib: .]
  ignore line: [@m64]
  ignore line: [ (in-process)]
  ignore line: [ "/nix/store/1sl0bapdj660pjqz65d0v7pz92qgs8jr-clang-13.0.0/bin/clang-13" -cc1 -triple x86_64-unknown-linux-gnu -emit-obj --mrelax-relocations -disable-free -disable-llvm-verifier -discard-value-names -main-file-name CMakeCXXCompilerABI.cpp -mrelocation-model pic -pic-level 2 -fhalf-no-semantic-interposition -mframe-pointer=none -fmath-errno -fno-rounding-math -mconstructor-aliases -munwind-tables -target-cpu x86-64 -tune-cpu generic -debugger-tuning=gdb -v -fcoverage-compilation-dir=/home/cory/Code/replacer/build/CMakeFiles/CMakeTmp -nostdsysteminc -resource-dir /nix/store/jdnmdqrrjphi8n85d9d8im9ym30dkd68-clang-wrapper-13.0.0/resource-root -dependency-file CMakeFiles/cmTC_78f27.dir/CMakeCXXCompilerABI.cpp.o.d -MT CMakeFiles/cmTC_78f27.dir/CMakeCXXCompilerABI.cpp.o -sys-header-deps -idirafter /nix/store/93z3gj6kl0qvdm1mzwb5vaxlz7i481lz-glibc-2.33-62-dev/include -isystem /nix/store/xivp8121sc24ww00jl0l1zdjqd4yq8pw-lldb-13.0.0-dev/include -isystem /nix/store/xivp8121sc24ww00jl0l1zdjqd4yq8pw-lldb-13.0.0-dev/include -isystem /nix/store/bzz1ikj6a71snxpvr5hv57gsvb8yn0xl-gtest-1.11.0-dev/include -isystem /nix/store/bzz1ikj6a71snxpvr5hv57gsvb8yn0xl-gtest-1.11.0-dev/include -isystem /nix/store/03aqjxlvv0zhnzai2c1vxj63sd4v0v2k-ncurses-6.3-dev/include -isystem /nix/store/03aqjxlvv0zhnzai2c1vxj63sd4v0v2k-ncurses-6.3-dev/include -isystem /nix/store/fxzhmc5zgws2la9c21p577m8hmzbjisb-compiler-rt-libc-13.0.0-dev/include -isystem /nix/store/fxzhmc5zgws2la9c21p577m8hmzbjisb-compiler-rt-libc-13.0.0-dev/include -isystem /nix/store/6kcmnjb8gjl4mg1ssjwwg8agw3di6dmd-libcxx-13.0.0-dev/include -isystem /nix/store/6kcmnjb8gjl4mg1ssjwwg8agw3di6dmd-libcxx-13.0.0-dev/include -isystem /nix/store/xivp8121sc24ww00jl0l1zdjqd4yq8pw-lldb-13.0.0-dev/include -isystem /nix/store/xivp8121sc24ww00jl0l1zdjqd4yq8pw-lldb-13.0.0-dev/include -isystem /nix/store/bzz1ikj6a71snxpvr5hv57gsvb8yn0xl-gtest-1.11.0-dev/include -isystem /nix/store/bzz1ikj6a71snxpvr5hv57gsvb8yn0xl-gtest-1.11.0-dev/include -isystem /nix/store/03aqjxlvv0zhnzai2c1vxj63sd4v0v2k-ncurses-6.3-dev/include -isystem /nix/store/03aqjxlvv0zhnzai2c1vxj63sd4v0v2k-ncurses-6.3-dev/include -isystem /nix/store/fxzhmc5zgws2la9c21p577m8hmzbjisb-compiler-rt-libc-13.0.0-dev/include -isystem /nix/store/fxzhmc5zgws2la9c21p577m8hmzbjisb-compiler-rt-libc-13.0.0-dev/include -isystem /nix/store/6kcmnjb8gjl4mg1ssjwwg8agw3di6dmd-libcxx-13.0.0-dev/include -isystem /nix/store/6kcmnjb8gjl4mg1ssjwwg8agw3di6dmd-libcxx-13.0.0-dev/include -isystem /nix/store/9m0k71s1ddhsp5l84wlpk9yhcmh5n1wx-gcc-10.3.0/include/c++/10.3.0 -isystem /nix/store/9m0k71s1ddhsp5l84wlpk9yhcmh5n1wx-gcc-10.3.0/include/c++/10.3.0/x86_64-unknown-linux-gnu -D _FORTIFY_SOURCE=2 -I/nix/store/6kcmnjb8gjl4mg1ssjwwg8agw3di6dmd-libcxx-13.0.0-dev/include -I/nix/store/jdnmdqrrjphi8n85d9d8im9ym30dkd68-clang-wrapper-13.0.0/resource-root/include -internal-isystem /nix/store/9m0k71s1ddhsp5l84wlpk9yhcmh5n1wx-gcc-10.3.0/lib64/gcc/x86_64-unknown-linux-gnu/10.3.0/../../../../include/c++/10.3.0 -internal-isystem /nix/store/9m0k71s1ddhsp5l84wlpk9yhcmh5n1wx-gcc-10.3.0/lib64/gcc/x86_64-unknown-linux-gnu/10.3.0/../../../../include/c++/10.3.0/x86_64-unknown-linux-gnu -internal-isystem /nix/store/9m0k71s1ddhsp5l84wlpk9yhcmh5n1wx-gcc-10.3.0/lib64/gcc/x86_64-unknown-linux-gnu/10.3.0/../../../../include/c++/10.3.0/backward -internal-isystem /nix/store/jdnmdqrrjphi8n85d9d8im9ym30dkd68-clang-wrapper-13.0.0/resource-root/include -O2 -Wformat -Wformat-security -Werror=format-security -std=gnu++20 -fdeprecated-macro -fdebug-compilation-dir=/home/cory/Code/replacer/build/CMakeFiles/CMakeTmp -ferror-limit 19 -fwrapv -stack-protector 2 -stack-protector-buffer-size 4 -fgnuc-version=4.2.1 -fcxx-exceptions -fexceptions -vectorize-loops -vectorize-slp -faddrsig -D__GCC_HAVE_DWARF2_CFI_ASM=1 -o CMakeFiles/cmTC_78f27.dir/CMakeCXXCompilerABI.cpp.o -x c++ /nix/store/pki50w5yhmdpgmn52iipv38yh4ydqhm7-cmake-3.22.1/share/cmake-3.22/Modules/CMakeCXXCompilerABI.cpp]
  ignore line: [clang -cc1 version 13.0.0 based upon LLVM 13.0.0 default target x86_64-unknown-linux-gnu]
  ignore line: [ignoring duplicate directory "/nix/store/xivp8121sc24ww00jl0l1zdjqd4yq8pw-lldb-13.0.0-dev/include"]
  ignore line: [ignoring duplicate directory "/nix/store/bzz1ikj6a71snxpvr5hv57gsvb8yn0xl-gtest-1.11.0-dev/include"]
  ignore line: [ignoring duplicate directory "/nix/store/03aqjxlvv0zhnzai2c1vxj63sd4v0v2k-ncurses-6.3-dev/include"]
  ignore line: [ignoring duplicate directory "/nix/store/fxzhmc5zgws2la9c21p577m8hmzbjisb-compiler-rt-libc-13.0.0-dev/include"]
  ignore line: [ignoring duplicate directory "/nix/store/6kcmnjb8gjl4mg1ssjwwg8agw3di6dmd-libcxx-13.0.0-dev/include"]
  ignore line: [  as it is a non-system directory that duplicates a system directory]
  ignore line: [ignoring duplicate directory "/nix/store/6kcmnjb8gjl4mg1ssjwwg8agw3di6dmd-libcxx-13.0.0-dev/include"]
  ignore line: [ignoring duplicate directory "/nix/store/xivp8121sc24ww00jl0l1zdjqd4yq8pw-lldb-13.0.0-dev/include"]
  ignore line: [ignoring duplicate directory "/nix/store/xivp8121sc24ww00jl0l1zdjqd4yq8pw-lldb-13.0.0-dev/include"]
  ignore line: [ignoring duplicate directory "/nix/store/bzz1ikj6a71snxpvr5hv57gsvb8yn0xl-gtest-1.11.0-dev/include"]
  ignore line: [ignoring duplicate directory "/nix/store/bzz1ikj6a71snxpvr5hv57gsvb8yn0xl-gtest-1.11.0-dev/include"]
  ignore line: [ignoring duplicate directory "/nix/store/03aqjxlvv0zhnzai2c1vxj63sd4v0v2k-ncurses-6.3-dev/include"]
  ignore line: [ignoring duplicate directory "/nix/store/03aqjxlvv0zhnzai2c1vxj63sd4v0v2k-ncurses-6.3-dev/include"]
  ignore line: [ignoring duplicate directory "/nix/store/fxzhmc5zgws2la9c21p577m8hmzbjisb-compiler-rt-libc-13.0.0-dev/include"]
  ignore line: [ignoring duplicate directory "/nix/store/fxzhmc5zgws2la9c21p577m8hmzbjisb-compiler-rt-libc-13.0.0-dev/include"]
  ignore line: [ignoring duplicate directory "/nix/store/6kcmnjb8gjl4mg1ssjwwg8agw3di6dmd-libcxx-13.0.0-dev/include"]
  ignore line: [ignoring duplicate directory "/nix/store/6kcmnjb8gjl4mg1ssjwwg8agw3di6dmd-libcxx-13.0.0-dev/include"]
  ignore line: [ignoring duplicate directory "/nix/store/9m0k71s1ddhsp5l84wlpk9yhcmh5n1wx-gcc-10.3.0/include/c++/10.3.0"]
  ignore line: [ignoring duplicate directory "/nix/store/9m0k71s1ddhsp5l84wlpk9yhcmh5n1wx-gcc-10.3.0/include/c++/10.3.0/x86_64-unknown-linux-gnu"]
  ignore line: [ignoring duplicate directory "/nix/store/jdnmdqrrjphi8n85d9d8im9ym30dkd68-clang-wrapper-13.0.0/resource-root/include"]
  ignore line: [  as it is a non-system directory that duplicates a system directory]
  ignore line: [#include "..." search starts here:]
  ignore line: [#include <...> search starts here:]
  ignore line: [ /nix/store/xivp8121sc24ww00jl0l1zdjqd4yq8pw-lldb-13.0.0-dev/include]
  ignore line: [ /nix/store/bzz1ikj6a71snxpvr5hv57gsvb8yn0xl-gtest-1.11.0-dev/include]
  ignore line: [ /nix/store/03aqjxlvv0zhnzai2c1vxj63sd4v0v2k-ncurses-6.3-dev/include]
  ignore line: [ /nix/store/fxzhmc5zgws2la9c21p577m8hmzbjisb-compiler-rt-libc-13.0.0-dev/include]
  ignore line: [ /nix/store/6kcmnjb8gjl4mg1ssjwwg8agw3di6dmd-libcxx-13.0.0-dev/include]
  ignore line: [ /nix/store/9m0k71s1ddhsp5l84wlpk9yhcmh5n1wx-gcc-10.3.0/include/c++/10.3.0]
  ignore line: [ /nix/store/9m0k71s1ddhsp5l84wlpk9yhcmh5n1wx-gcc-10.3.0/include/c++/10.3.0/x86_64-unknown-linux-gnu]
  ignore line: [ /nix/store/9m0k71s1ddhsp5l84wlpk9yhcmh5n1wx-gcc-10.3.0/lib64/gcc/x86_64-unknown-linux-gnu/10.3.0/../../../../include/c++/10.3.0/backward]
  ignore line: [ /nix/store/jdnmdqrrjphi8n85d9d8im9ym30dkd68-clang-wrapper-13.0.0/resource-root/include]
  ignore line: [ /nix/store/93z3gj6kl0qvdm1mzwb5vaxlz7i481lz-glibc-2.33-62-dev/include]
  ignore line: [End of search list.]
  ignore line: [Linking CXX executable cmTC_78f27]
  ignore line: [/nix/store/pki50w5yhmdpgmn52iipv38yh4ydqhm7-cmake-3.22.1/bin/cmake -E cmake_link_script CMakeFiles/cmTC_78f27.dir/link.txt --verbose=1]
  ignore line: [/nix/store/jdnmdqrrjphi8n85d9d8im9ym30dkd68-clang-wrapper-13.0.0/bin/clang++  -v CMakeFiles/cmTC_78f27.dir/CMakeCXXCompilerABI.cpp.o -o cmTC_78f27 ]
  ignore line: [clang version 13.0.0]
  ignore line: [Target: x86_64-unknown-linux-gnu]
  ignore line: [Thread model: posix]
  ignore line: [InstalledDir: /nix/store/1sl0bapdj660pjqz65d0v7pz92qgs8jr-clang-13.0.0/bin]
  ignore line: [Found candidate GCC installation: /nix/store/9m0k71s1ddhsp5l84wlpk9yhcmh5n1wx-gcc-10.3.0/lib/gcc/x86_64-unknown-linux-gnu/10.3.0]
  ignore line: [Found candidate GCC installation: /nix/store/9m0k71s1ddhsp5l84wlpk9yhcmh5n1wx-gcc-10.3.0/lib64/gcc/x86_64-unknown-linux-gnu/10.3.0]
  ignore line: [Selected GCC installation: /nix/store/9m0k71s1ddhsp5l84wlpk9yhcmh5n1wx-gcc-10.3.0/lib64/gcc/x86_64-unknown-linux-gnu/10.3.0]
  ignore line: [Candidate multilib: .]
  ignore line: [@m64]
  ignore line: [Selected multilib: .]
  ignore line: [@m64]
  link line: [ "/nix/store/jdnmdqrrjphi8n85d9d8im9ym30dkd68-clang-wrapper-13.0.0/bin/ld" --eh-frame-hdr -m elf_x86_64 -o cmTC_78f27 /nix/store/saw6nkqqqfx5xm1h5cpk7gxnxmw9wk47-glibc-2.33-62/lib/crt1.o /nix/store/saw6nkqqqfx5xm1h5cpk7gxnxmw9wk47-glibc-2.33-62/lib/crti.o /nix/store/9m0k71s1ddhsp5l84wlpk9yhcmh5n1wx-gcc-10.3.0/lib/gcc/x86_64-unknown-linux-gnu/10.3.0/crtbegin.o -L/nix/store/kl98ld46xnbzxp3s90fyw8rh3hlzky34-lldb-13.0.0-lib/lib -L/nix/store/kl98ld46xnbzxp3s90fyw8rh3hlzky34-lldb-13.0.0-lib/lib -L/nix/store/vflf3skrxxiv6zb4qyklyah60y9k82w3-gtest-1.11.0/lib -L/nix/store/vflf3skrxxiv6zb4qyklyah60y9k82w3-gtest-1.11.0/lib -L/nix/store/y332ks5b6xbihvhchs84lq36na9bf4rf-ncurses-6.3/lib -L/nix/store/y332ks5b6xbihvhchs84lq36na9bf4rf-ncurses-6.3/lib -L/nix/store/iz8ggy955lmwwp0r4aw7wk0dmp1x6sma-libcxx-13.0.0/lib -L/nix/store/iz8ggy955lmwwp0r4aw7wk0dmp1x6sma-libcxx-13.0.0/lib -L/nix/store/kl98ld46xnbzxp3s90fyw8rh3hlzky34-lldb-13.0.0-lib/lib -L/nix/store/kl98ld46xnbzxp3s90fyw8rh3hlzky34-lldb-13.0.0-lib/lib -L/nix/store/vflf3skrxxiv6zb4qyklyah60y9k82w3-gtest-1.11.0/lib -L/nix/store/vflf3skrxxiv6zb4qyklyah60y9k82w3-gtest-1.11.0/lib -L/nix/store/y332ks5b6xbihvhchs84lq36na9bf4rf-ncurses-6.3/lib -L/nix/store/y332ks5b6xbihvhchs84lq36na9bf4rf-ncurses-6.3/lib -L/nix/store/iz8ggy955lmwwp0r4aw7wk0dmp1x6sma-libcxx-13.0.0/lib -L/nix/store/iz8ggy955lmwwp0r4aw7wk0dmp1x6sma-libcxx-13.0.0/lib -L/nix/store/saw6nkqqqfx5xm1h5cpk7gxnxmw9wk47-glibc-2.33-62/lib -L/nix/store/9m0k71s1ddhsp5l84wlpk9yhcmh5n1wx-gcc-10.3.0/lib/gcc/x86_64-unknown-linux-gnu/10.3.0 -L/nix/store/x17b1wq871r4ycrxyy1n85ja09dxq3ih-gcc-10.3.0-lib/x86_64-unknown-linux-gnu/lib -L/nix/store/7q0lgfz6xvbswwr1p99ymsdsimq06dpk-clang-13.0.0-lib/lib -L/nix/store/9m0k71s1ddhsp5l84wlpk9yhcmh5n1wx-gcc-10.3.0/lib64/gcc/x86_64-unknown-linux-gnu/10.3.0 -L/nix/store/9m0k71s1ddhsp5l84wlpk9yhcmh5n1wx-gcc-10.3.0/lib64/gcc/x86_64-unknown-linux-gnu/10.3.0/../../../../lib64 -L/nix/store/1sl0bapdj660pjqz65d0v7pz92qgs8jr-clang-13.0.0/bin/../lib -dynamic-linker=/nix/store/saw6nkqqqfx5xm1h5cpk7gxnxmw9wk47-glibc-2.33-62/lib/ld-linux-x86-64.so.2 CMakeFiles/cmTC_78f27.dir/CMakeCXXCompilerABI.cpp.o -rpath /home/cory/Code/replacer/outputs/out/lib64 -rpath /home/cory/Code/replacer/outputs/out/lib -lstdc++ -lm -lgcc_s -lgcc -lc -lgcc_s -lgcc /nix/store/9m0k71s1ddhsp5l84wlpk9yhcmh5n1wx-gcc-10.3.0/lib/gcc/x86_64-unknown-linux-gnu/10.3.0/crtend.o /nix/store/saw6nkqqqfx5xm1h5cpk7gxnxmw9wk47-glibc-2.33-62/lib/crtn.o]
    arg [/nix/store/jdnmdqrrjphi8n85d9d8im9ym30dkd68-clang-wrapper-13.0.0/bin/ld] ==> ignore
    arg [--eh-frame-hdr] ==> ignore
    arg [-m] ==> ignore
    arg [elf_x86_64] ==> ignore
    arg [-o] ==> ignore
    arg [cmTC_78f27] ==> ignore
    arg [/nix/store/saw6nkqqqfx5xm1h5cpk7gxnxmw9wk47-glibc-2.33-62/lib/crt1.o] ==> obj [/nix/store/saw6nkqqqfx5xm1h5cpk7gxnxmw9wk47-glibc-2.33-62/lib/crt1.o]
    arg [/nix/store/saw6nkqqqfx5xm1h5cpk7gxnxmw9wk47-glibc-2.33-62/lib/crti.o] ==> obj [/nix/store/saw6nkqqqfx5xm1h5cpk7gxnxmw9wk47-glibc-2.33-62/lib/crti.o]
    arg [/nix/store/9m0k71s1ddhsp5l84wlpk9yhcmh5n1wx-gcc-10.3.0/lib/gcc/x86_64-unknown-linux-gnu/10.3.0/crtbegin.o] ==> obj [/nix/store/9m0k71s1ddhsp5l84wlpk9yhcmh5n1wx-gcc-10.3.0/lib/gcc/x86_64-unknown-linux-gnu/10.3.0/crtbegin.o]
    arg [-L/nix/store/kl98ld46xnbzxp3s90fyw8rh3hlzky34-lldb-13.0.0-lib/lib] ==> dir [/nix/store/kl98ld46xnbzxp3s90fyw8rh3hlzky34-lldb-13.0.0-lib/lib]
    arg [-L/nix/store/kl98ld46xnbzxp3s90fyw8rh3hlzky34-lldb-13.0.0-lib/lib] ==> dir [/nix/store/kl98ld46xnbzxp3s90fyw8rh3hlzky34-lldb-13.0.0-lib/lib]
    arg [-L/nix/store/vflf3skrxxiv6zb4qyklyah60y9k82w3-gtest-1.11.0/lib] ==> dir [/nix/store/vflf3skrxxiv6zb4qyklyah60y9k82w3-gtest-1.11.0/lib]
    arg [-L/nix/store/vflf3skrxxiv6zb4qyklyah60y9k82w3-gtest-1.11.0/lib] ==> dir [/nix/store/vflf3skrxxiv6zb4qyklyah60y9k82w3-gtest-1.11.0/lib]
    arg [-L/nix/store/y332ks5b6xbihvhchs84lq36na9bf4rf-ncurses-6.3/lib] ==> dir [/nix/store/y332ks5b6xbihvhchs84lq36na9bf4rf-ncurses-6.3/lib]
    arg [-L/nix/store/y332ks5b6xbihvhchs84lq36na9bf4rf-ncurses-6.3/lib] ==> dir [/nix/store/y332ks5b6xbihvhchs84lq36na9bf4rf-ncurses-6.3/lib]
    arg [-L/nix/store/iz8ggy955lmwwp0r4aw7wk0dmp1x6sma-libcxx-13.0.0/lib] ==> dir [/nix/store/iz8ggy955lmwwp0r4aw7wk0dmp1x6sma-libcxx-13.0.0/lib]
    arg [-L/nix/store/iz8ggy955lmwwp0r4aw7wk0dmp1x6sma-libcxx-13.0.0/lib] ==> dir [/nix/store/iz8ggy955lmwwp0r4aw7wk0dmp1x6sma-libcxx-13.0.0/lib]
    arg [-L/nix/store/kl98ld46xnbzxp3s90fyw8rh3hlzky34-lldb-13.0.0-lib/lib] ==> dir [/nix/store/kl98ld46xnbzxp3s90fyw8rh3hlzky34-lldb-13.0.0-lib/lib]
    arg [-L/nix/store/kl98ld46xnbzxp3s90fyw8rh3hlzky34-lldb-13.0.0-lib/lib] ==> dir [/nix/store/kl98ld46xnbzxp3s90fyw8rh3hlzky34-lldb-13.0.0-lib/lib]
    arg [-L/nix/store/vflf3skrxxiv6zb4qyklyah60y9k82w3-gtest-1.11.0/lib] ==> dir [/nix/store/vflf3skrxxiv6zb4qyklyah60y9k82w3-gtest-1.11.0/lib]
    arg [-L/nix/store/vflf3skrxxiv6zb4qyklyah60y9k82w3-gtest-1.11.0/lib] ==> dir [/nix/store/vflf3skrxxiv6zb4qyklyah60y9k82w3-gtest-1.11.0/lib]
    arg [-L/nix/store/y332ks5b6xbihvhchs84lq36na9bf4rf-ncurses-6.3/lib] ==> dir [/nix/store/y332ks5b6xbihvhchs84lq36na9bf4rf-ncurses-6.3/lib]
    arg [-L/nix/store/y332ks5b6xbihvhchs84lq36na9bf4rf-ncurses-6.3/lib] ==> dir [/nix/store/y332ks5b6xbihvhchs84lq36na9bf4rf-ncurses-6.3/lib]
    arg [-L/nix/store/iz8ggy955lmwwp0r4aw7wk0dmp1x6sma-libcxx-13.0.0/lib] ==> dir [/nix/store/iz8ggy955lmwwp0r4aw7wk0dmp1x6sma-libcxx-13.0.0/lib]
    arg [-L/nix/store/iz8ggy955lmwwp0r4aw7wk0dmp1x6sma-libcxx-13.0.0/lib] ==> dir [/nix/store/iz8ggy955lmwwp0r4aw7wk0dmp1x6sma-libcxx-13.0.0/lib]
    arg [-L/nix/store/saw6nkqqqfx5xm1h5cpk7gxnxmw9wk47-glibc-2.33-62/lib] ==> dir [/nix/store/saw6nkqqqfx5xm1h5cpk7gxnxmw9wk47-glibc-2.33-62/lib]
    arg [-L/nix/store/9m0k71s1ddhsp5l84wlpk9yhcmh5n1wx-gcc-10.3.0/lib/gcc/x86_64-unknown-linux-gnu/10.3.0] ==> dir [/nix/store/9m0k71s1ddhsp5l84wlpk9yhcmh5n1wx-gcc-10.3.0/lib/gcc/x86_64-unknown-linux-gnu/10.3.0]
    arg [-L/nix/store/x17b1wq871r4ycrxyy1n85ja09dxq3ih-gcc-10.3.0-lib/x86_64-unknown-linux-gnu/lib] ==> dir [/nix/store/x17b1wq871r4ycrxyy1n85ja09dxq3ih-gcc-10.3.0-lib/x86_64-unknown-linux-gnu/lib]
    arg [-L/nix/store/7q0lgfz6xvbswwr1p99ymsdsimq06dpk-clang-13.0.0-lib/lib] ==> dir [/nix/store/7q0lgfz6xvbswwr1p99ymsdsimq06dpk-clang-13.0.0-lib/lib]
    arg [-L/nix/store/9m0k71s1ddhsp5l84wlpk9yhcmh5n1wx-gcc-10.3.0/lib64/gcc/x86_64-unknown-linux-gnu/10.3.0] ==> dir [/nix/store/9m0k71s1ddhsp5l84wlpk9yhcmh5n1wx-gcc-10.3.0/lib64/gcc/x86_64-unknown-linux-gnu/10.3.0]
    arg [-L/nix/store/9m0k71s1ddhsp5l84wlpk9yhcmh5n1wx-gcc-10.3.0/lib64/gcc/x86_64-unknown-linux-gnu/10.3.0/../../../../lib64] ==> dir [/nix/store/9m0k71s1ddhsp5l84wlpk9yhcmh5n1wx-gcc-10.3.0/lib64/gcc/x86_64-unknown-linux-gnu/10.3.0/../../../../lib64]
    arg [-L/nix/store/1sl0bapdj660pjqz65d0v7pz92qgs8jr-clang-13.0.0/bin/../lib] ==> dir [/nix/store/1sl0bapdj660pjqz65d0v7pz92qgs8jr-clang-13.0.0/bin/../lib]
    arg [-dynamic-linker=/nix/store/saw6nkqqqfx5xm1h5cpk7gxnxmw9wk47-glibc-2.33-62/lib/ld-linux-x86-64.so.2] ==> ignore
    arg [CMakeFiles/cmTC_78f27.dir/CMakeCXXCompilerABI.cpp.o] ==> ignore
    arg [-rpath] ==> ignore
    arg [/home/cory/Code/replacer/outputs/out/lib64] ==> ignore
    arg [-rpath] ==> ignore
    arg [/home/cory/Code/replacer/outputs/out/lib] ==> ignore
    arg [-lstdc++] ==> lib [stdc++]
    arg [-lm] ==> lib [m]
    arg [-lgcc_s] ==> lib [gcc_s]
    arg [-lgcc] ==> lib [gcc]
    arg [-lc] ==> lib [c]
    arg [-lgcc_s] ==> lib [gcc_s]
    arg [-lgcc] ==> lib [gcc]
    arg [/nix/store/9m0k71s1ddhsp5l84wlpk9yhcmh5n1wx-gcc-10.3.0/lib/gcc/x86_64-unknown-linux-gnu/10.3.0/crtend.o] ==> obj [/nix/store/9m0k71s1ddhsp5l84wlpk9yhcmh5n1wx-gcc-10.3.0/lib/gcc/x86_64-unknown-linux-gnu/10.3.0/crtend.o]
    arg [/nix/store/saw6nkqqqfx5xm1h5cpk7gxnxmw9wk47-glibc-2.33-62/lib/crtn.o] ==> obj [/nix/store/saw6nkqqqfx5xm1h5cpk7gxnxmw9wk47-glibc-2.33-62/lib/crtn.o]
  collapse library dir [/nix/store/kl98ld46xnbzxp3s90fyw8rh3hlzky34-lldb-13.0.0-lib/lib] ==> [/nix/store/kl98ld46xnbzxp3s90fyw8rh3hlzky34-lldb-13.0.0-lib/lib]
  collapse library dir [/nix/store/kl98ld46xnbzxp3s90fyw8rh3hlzky34-lldb-13.0.0-lib/lib] ==> [/nix/store/kl98ld46xnbzxp3s90fyw8rh3hlzky34-lldb-13.0.0-lib/lib]
  collapse library dir [/nix/store/vflf3skrxxiv6zb4qyklyah60y9k82w3-gtest-1.11.0/lib] ==> [/nix/store/vflf3skrxxiv6zb4qyklyah60y9k82w3-gtest-1.11.0/lib]
  collapse library dir [/nix/store/vflf3skrxxiv6zb4qyklyah60y9k82w3-gtest-1.11.0/lib] ==> [/nix/store/vflf3skrxxiv6zb4qyklyah60y9k82w3-gtest-1.11.0/lib]
  collapse library dir [/nix/store/y332ks5b6xbihvhchs84lq36na9bf4rf-ncurses-6.3/lib] ==> [/nix/store/y332ks5b6xbihvhchs84lq36na9bf4rf-ncurses-6.3/lib]
  collapse library dir [/nix/store/y332ks5b6xbihvhchs84lq36na9bf4rf-ncurses-6.3/lib] ==> [/nix/store/y332ks5b6xbihvhchs84lq36na9bf4rf-ncurses-6.3/lib]
  collapse library dir [/nix/store/iz8ggy955lmwwp0r4aw7wk0dmp1x6sma-libcxx-13.0.0/lib] ==> [/nix/store/iz8ggy955lmwwp0r4aw7wk0dmp1x6sma-libcxx-13.0.0/lib]
  collapse library dir [/nix/store/iz8ggy955lmwwp0r4aw7wk0dmp1x6sma-libcxx-13.0.0/lib] ==> [/nix/store/iz8ggy955lmwwp0r4aw7wk0dmp1x6sma-libcxx-13.0.0/lib]
  collapse library dir [/nix/store/kl98ld46xnbzxp3s90fyw8rh3hlzky34-lldb-13.0.0-lib/lib] ==> [/nix/store/kl98ld46xnbzxp3s90fyw8rh3hlzky34-lldb-13.0.0-lib/lib]
  collapse library dir [/nix/store/kl98ld46xnbzxp3s90fyw8rh3hlzky34-lldb-13.0.0-lib/lib] ==> [/nix/store/kl98ld46xnbzxp3s90fyw8rh3hlzky34-lldb-13.0.0-lib/lib]
  collapse library dir [/nix/store/vflf3skrxxiv6zb4qyklyah60y9k82w3-gtest-1.11.0/lib] ==> [/nix/store/vflf3skrxxiv6zb4qyklyah60y9k82w3-gtest-1.11.0/lib]
  collapse library dir [/nix/store/vflf3skrxxiv6zb4qyklyah60y9k82w3-gtest-1.11.0/lib] ==> [/nix/store/vflf3skrxxiv6zb4qyklyah60y9k82w3-gtest-1.11.0/lib]
  collapse library dir [/nix/store/y332ks5b6xbihvhchs84lq36na9bf4rf-ncurses-6.3/lib] ==> [/nix/store/y332ks5b6xbihvhchs84lq36na9bf4rf-ncurses-6.3/lib]
  collapse library dir [/nix/store/y332ks5b6xbihvhchs84lq36na9bf4rf-ncurses-6.3/lib] ==> [/nix/store/y332ks5b6xbihvhchs84lq36na9bf4rf-ncurses-6.3/lib]
  collapse library dir [/nix/store/iz8ggy955lmwwp0r4aw7wk0dmp1x6sma-libcxx-13.0.0/lib] ==> [/nix/store/iz8ggy955lmwwp0r4aw7wk0dmp1x6sma-libcxx-13.0.0/lib]
  collapse library dir [/nix/store/iz8ggy955lmwwp0r4aw7wk0dmp1x6sma-libcxx-13.0.0/lib] ==> [/nix/store/iz8ggy955lmwwp0r4aw7wk0dmp1x6sma-libcxx-13.0.0/lib]
  collapse library dir [/nix/store/saw6nkqqqfx5xm1h5cpk7gxnxmw9wk47-glibc-2.33-62/lib] ==> [/nix/store/saw6nkqqqfx5xm1h5cpk7gxnxmw9wk47-glibc-2.33-62/lib]
  collapse library dir [/nix/store/9m0k71s1ddhsp5l84wlpk9yhcmh5n1wx-gcc-10.3.0/lib/gcc/x86_64-unknown-linux-gnu/10.3.0] ==> [/nix/store/9m0k71s1ddhsp5l84wlpk9yhcmh5n1wx-gcc-10.3.0/lib/gcc/x86_64-unknown-linux-gnu/10.3.0]
  collapse library dir [/nix/store/x17b1wq871r4ycrxyy1n85ja09dxq3ih-gcc-10.3.0-lib/x86_64-unknown-linux-gnu/lib] ==> [/nix/store/x17b1wq871r4ycrxyy1n85ja09dxq3ih-gcc-10.3.0-lib/x86_64-unknown-linux-gnu/lib]
  collapse library dir [/nix/store/7q0lgfz6xvbswwr1p99ymsdsimq06dpk-clang-13.0.0-lib/lib] ==> [/nix/store/7q0lgfz6xvbswwr1p99ymsdsimq06dpk-clang-13.0.0-lib/lib]
  collapse library dir [/nix/store/9m0k71s1ddhsp5l84wlpk9yhcmh5n1wx-gcc-10.3.0/lib64/gcc/x86_64-unknown-linux-gnu/10.3.0] ==> [/nix/store/9m0k71s1ddhsp5l84wlpk9yhcmh5n1wx-gcc-10.3.0/lib64/gcc/x86_64-unknown-linux-gnu/10.3.0]
  collapse library dir [/nix/store/9m0k71s1ddhsp5l84wlpk9yhcmh5n1wx-gcc-10.3.0/lib64/gcc/x86_64-unknown-linux-gnu/10.3.0/../../../../lib64] ==> [/nix/store/9m0k71s1ddhsp5l84wlpk9yhcmh5n1wx-gcc-10.3.0/lib64]
  collapse library dir [/nix/store/1sl0bapdj660pjqz65d0v7pz92qgs8jr-clang-13.0.0/bin/../lib] ==> [/nix/store/1sl0bapdj660pjqz65d0v7pz92qgs8jr-clang-13.0.0/lib]
  implicit libs: [stdc++;m;gcc_s;gcc;c;gcc_s;gcc]
  implicit objs: [/nix/store/saw6nkqqqfx5xm1h5cpk7gxnxmw9wk47-glibc-2.33-62/lib/crt1.o;/nix/store/saw6nkqqqfx5xm1h5cpk7gxnxmw9wk47-glibc-2.33-62/lib/crti.o;/nix/store/9m0k71s1ddhsp5l84wlpk9yhcmh5n1wx-gcc-10.3.0/lib/gcc/x86_64-unknown-linux-gnu/10.3.0/crtbegin.o;/nix/store/9m0k71s1ddhsp5l84wlpk9yhcmh5n1wx-gcc-10.3.0/lib/gcc/x86_64-unknown-linux-gnu/10.3.0/crtend.o;/nix/store/saw6nkqqqfx5xm1h5cpk7gxnxmw9wk47-glibc-2.33-62/lib/crtn.o]
  implicit dirs: [/nix/store/kl98ld46xnbzxp3s90fyw8rh3hlzky34-lldb-13.0.0-lib/lib;/nix/store/vflf3skrxxiv6zb4qyklyah60y9k82w3-gtest-1.11.0/lib;/nix/store/y332ks5b6xbihvhchs84lq36na9bf4rf-ncurses-6.3/lib;/nix/store/iz8ggy955lmwwp0r4aw7wk0dmp1x6sma-libcxx-13.0.0/lib;/nix/store/saw6nkqqqfx5xm1h5cpk7gxnxmw9wk47-glibc-2.33-62/lib;/nix/store/9m0k71s1ddhsp5l84wlpk9yhcmh5n1wx-gcc-10.3.0/lib/gcc/x86_64-unknown-linux-gnu/10.3.0;/nix/store/x17b1wq871r4ycrxyy1n85ja09dxq3ih-gcc-10.3.0-lib/x86_64-unknown-linux-gnu/lib;/nix/store/7q0lgfz6xvbswwr1p99ymsdsimq06dpk-clang-13.0.0-lib/lib;/nix/store/9m0k71s1ddhsp5l84wlpk9yhcmh5n1wx-gcc-10.3.0/lib64/gcc/x86_64-unknown-linux-gnu/10.3.0;/nix/store/9m0k71s1ddhsp5l84wlpk9yhcmh5n1wx-gcc-10.3.0/lib64;/nix/store/1sl0bapdj660pjqz65d0v7pz92qgs8jr-clang-13.0.0/lib]
  implicit fwks: []


